mode: set
inventory-manage/internal/service/impl/calibration_service.go:20.93,22.2 1 1
inventory-manage/internal/service/impl/calibration_service.go:24.111,25.24 1 1
inventory-manage/internal/service/impl/calibration_service.go:25.24,27.3 1 1
inventory-manage/internal/service/impl/calibration_service.go:28.2,28.23 1 1
inventory-manage/internal/service/impl/calibration_service.go:28.23,30.3 1 1
inventory-manage/internal/service/impl/calibration_service.go:31.2,31.24 1 1
inventory-manage/internal/service/impl/calibration_service.go:31.24,33.3 1 1
inventory-manage/internal/service/impl/calibration_service.go:34.2,34.26 1 1
inventory-manage/internal/service/impl/calibration_service.go:34.26,36.3 1 1
inventory-manage/internal/service/impl/calibration_service.go:38.2,38.30 1 1
inventory-manage/internal/service/impl/calibration_service.go:41.127,42.20 1 1
inventory-manage/internal/service/impl/calibration_service.go:42.20,44.3 1 1
inventory-manage/internal/service/impl/calibration_service.go:45.2,45.40 1 1
inventory-manage/internal/service/impl/calibration_service.go:48.135,49.20 1 1
inventory-manage/internal/service/impl/calibration_service.go:49.20,51.3 1 1
inventory-manage/internal/service/impl/calibration_service.go:52.2,52.26 1 1
inventory-manage/internal/service/impl/calibration_service.go:52.26,54.3 1 1
inventory-manage/internal/service/impl/calibration_service.go:55.2,55.42 1 1
inventory-manage/internal/service/impl/calibration_service.go:55.42,57.3 1 1
inventory-manage/internal/service/impl/calibration_service.go:58.2,58.29 1 1
inventory-manage/internal/service/impl/calibration_service.go:58.29,60.3 1 0
inventory-manage/internal/service/impl/calibration_service.go:62.2,63.30 2 1
inventory-manage/internal/service/impl/calibration_service.go:63.30,65.3 1 1
inventory-manage/internal/service/impl/calibration_service.go:67.2,72.41 2 1
inventory-manage/internal/service/impl/calibration_service.go:72.41,74.3 1 1
inventory-manage/internal/service/impl/calibration_service.go:76.2,89.36 3 1
inventory-manage/internal/service/impl/calibration_service.go:89.36,91.30 2 1
inventory-manage/internal/service/impl/calibration_service.go:91.30,93.4 1 1
inventory-manage/internal/service/impl/calibration_service.go:93.9,93.34 1 1
inventory-manage/internal/service/impl/calibration_service.go:93.34,95.4 1 1
inventory-manage/internal/service/impl/calibration_service.go:97.3,97.15 1 1
inventory-manage/internal/service/impl/calibration_service.go:97.15,99.4 1 1
inventory-manage/internal/service/impl/calibration_service.go:102.3,102.17 1 1
inventory-manage/internal/service/impl/calibration_service.go:102.17,104.28 1 1
inventory-manage/internal/service/impl/calibration_service.go:104.28,111.5 1 1
inventory-manage/internal/service/impl/calibration_service.go:115.2,115.55 1 1
inventory-manage/internal/service/impl/calibration_service.go:118.147,119.20 1 1
inventory-manage/internal/service/impl/calibration_service.go:119.20,121.3 1 1
inventory-manage/internal/service/impl/calibration_service.go:122.2,122.31 1 1
inventory-manage/internal/service/impl/calibration_service.go:122.31,124.3 1 1
inventory-manage/internal/service/impl/calibration_service.go:125.2,125.61 1 1
inventory-manage/internal/service/impl/device_service.go:20.78,22.2 1 1
inventory-manage/internal/service/impl/device_service.go:24.88,25.22 1 1
inventory-manage/internal/service/impl/device_service.go:25.22,27.3 1 1
inventory-manage/internal/service/impl/device_service.go:28.2,28.21 1 1
inventory-manage/internal/service/impl/device_service.go:28.21,30.3 1 1
inventory-manage/internal/service/impl/device_service.go:31.2,31.24 1 1
inventory-manage/internal/service/impl/device_service.go:31.24,33.3 1 1
inventory-manage/internal/service/impl/device_service.go:35.2,39.28 4 1
inventory-manage/internal/service/impl/device_service.go:42.94,43.14 1 1
inventory-manage/internal/service/impl/device_service.go:43.14,45.3 1 1
inventory-manage/internal/service/impl/device_service.go:46.2,46.33 1 1
inventory-manage/internal/service/impl/device_service.go:49.108,51.2 1 1
inventory-manage/internal/service/impl/device_service.go:53.86,54.22 1 1
inventory-manage/internal/service/impl/device_service.go:54.22,56.3 1 1
inventory-manage/internal/service/impl/device_service.go:57.2,57.24 1 1
inventory-manage/internal/service/impl/device_service.go:57.24,59.3 1 1
inventory-manage/internal/service/impl/device_service.go:61.2,62.16 2 1
inventory-manage/internal/service/impl/device_service.go:62.16,64.3 1 1
inventory-manage/internal/service/impl/device_service.go:66.2,67.21 2 1
inventory-manage/internal/service/impl/device_service.go:67.21,69.3 1 1
inventory-manage/internal/service/impl/device_service.go:70.2,74.37 4 1
inventory-manage/internal/service/impl/device_service.go:77.80,78.14 1 1
inventory-manage/internal/service/impl/device_service.go:78.14,80.3 1 1
inventory-manage/internal/service/impl/device_service.go:81.2,81.31 1 1
inventory-manage/internal/service/impl/threshold_evaluator.go:23.143,29.2 1 1
inventory-manage/internal/service/impl/threshold_evaluator.go:31.101,33.16 2 1
inventory-manage/internal/service/impl/threshold_evaluator.go:33.16,35.3 1 0
inventory-manage/internal/service/impl/threshold_evaluator.go:37.2,37.29 1 1
inventory-manage/internal/service/impl/threshold_evaluator.go:37.29,38.21 1 1
inventory-manage/internal/service/impl/threshold_evaluator.go:38.21,39.12 1 1
inventory-manage/internal/service/impl/threshold_evaluator.go:42.3,45.36 2 1
inventory-manage/internal/service/impl/threshold_evaluator.go:45.36,46.25 1 1
inventory-manage/internal/service/impl/threshold_evaluator.go:47.56,48.55 1 1
inventory-manage/internal/service/impl/threshold_evaluator.go:48.55,50.6 1 1
inventory-manage/internal/service/impl/threshold_evaluator.go:51.33,52.55 1 0
inventory-manage/internal/service/impl/threshold_evaluator.go:52.55,54.6 1 0
inventory-manage/internal/service/impl/threshold_evaluator.go:58.3,58.42 1 1
inventory-manage/internal/service/impl/threshold_evaluator.go:58.42,59.25 1 0
inventory-manage/internal/service/impl/threshold_evaluator.go:60.56,61.41 1 0
inventory-manage/internal/service/impl/threshold_evaluator.go:61.41,63.6 1 0
inventory-manage/internal/service/impl/threshold_evaluator.go:64.33,65.41 1 0
inventory-manage/internal/service/impl/threshold_evaluator.go:65.41,67.6 1 0
inventory-manage/internal/service/impl/threshold_evaluator.go:71.3,71.15 1 1
inventory-manage/internal/service/impl/threshold_evaluator.go:71.15,72.31 1 1
inventory-manage/internal/service/impl/threshold_evaluator.go:72.31,73.13 1 1
inventory-manage/internal/service/impl/threshold_evaluator.go:76.4,86.74 2 1
inventory-manage/internal/service/impl/threshold_evaluator.go:86.74,87.24 1 0
inventory-manage/internal/service/impl/threshold_evaluator.go:87.24,89.6 1 0
inventory-manage/internal/service/impl/threshold_evaluator.go:92.4,92.23 1 1
inventory-manage/internal/service/impl/threshold_evaluator.go:96.2,96.12 1 1
inventory-manage/internal/service/impl/threshold_evaluator.go:99.78,102.9 3 1
inventory-manage/internal/service/impl/threshold_evaluator.go:102.9,104.3 1 1
inventory-manage/internal/service/impl/threshold_evaluator.go:105.2,107.38 3 1
inventory-manage/internal/service/impl/threshold_evaluator.go:110.69,113.2 2 1
inventory-manage/internal/service/impl/threshold_service.go:14.87,16.2 1 1
inventory-manage/internal/service/impl/threshold_service.go:18.93,19.24 1 1
inventory-manage/internal/service/impl/threshold_service.go:19.24,21.3 1 1
inventory-manage/internal/service/impl/threshold_service.go:22.2,22.25 1 1
inventory-manage/internal/service/impl/threshold_service.go:22.25,24.3 1 1
inventory-manage/internal/service/impl/threshold_service.go:25.2,25.61 1 1
inventory-manage/internal/service/impl/threshold_service.go:25.61,27.3 1 1
inventory-manage/internal/service/impl/threshold_service.go:29.2,30.16 2 1
inventory-manage/internal/service/impl/threshold_service.go:30.16,32.3 1 1
inventory-manage/internal/service/impl/threshold_service.go:33.2,33.12 1 1
inventory-manage/internal/service/impl/threshold_service.go:36.122,38.16 2 1
inventory-manage/internal/service/impl/threshold_service.go:38.16,40.3 1 0
inventory-manage/internal/service/impl/threshold_service.go:41.2,41.19 1 1
inventory-manage/internal/service/impl/threshold_service.go:44.102,45.14 1 1
inventory-manage/internal/service/impl/threshold_service.go:45.14,47.3 1 1
inventory-manage/internal/service/impl/threshold_service.go:48.2,49.16 2 1
inventory-manage/internal/service/impl/threshold_service.go:49.16,51.3 1 0
inventory-manage/internal/service/impl/threshold_service.go:52.2,52.18 1 1
inventory-manage/internal/service/impl/threshold_service.go:55.104,56.14 1 1
inventory-manage/internal/service/impl/threshold_service.go:56.14,58.3 1 1
inventory-manage/internal/service/impl/threshold_service.go:59.2,61.16 3 1
inventory-manage/internal/service/impl/threshold_service.go:61.16,63.3 1 0
inventory-manage/internal/service/impl/threshold_service.go:64.2,64.12 1 1
inventory-manage/internal/service/impl/threshold_service.go:67.77,68.14 1 1
inventory-manage/internal/service/impl/threshold_service.go:68.14,70.3 1 1
inventory-manage/internal/service/impl/threshold_service.go:71.2,72.16 2 1
inventory-manage/internal/service/impl/threshold_service.go:72.16,74.3 1 0
inventory-manage/internal/service/impl/threshold_service.go:75.2,75.12 1 1
