{"level":"INFO","time":"2026-04-13T21:31:11.074+0700","caller":"initialize/logger.go:12","msg":"Logger initialised successfully"}
{"level":"INFO","time":"2026-04-13T21:31:11.089+0700","caller":"initialize/postgres.go:50","msg":"PostgreSQL connected successfully","host":"localhost","port":5432,"db":"inventory_db"}
{"level":"WARN","time":"2026-04-13T21:31:13.189+0700","caller":"initialize/redis.go:45","msg":"Redis connection failed, retrying...","attempt":1,"backoff":1,"error":"dial tcp 127.0.0.1:6379: connect: connection refused"}
{"level":"WARN","time":"2026-04-13T21:31:16.306+0700","caller":"initialize/redis.go:45","msg":"Redis connection failed, retrying...","attempt":2,"backoff":4,"error":"dial tcp 127.0.0.1:6379: connect: connection refused"}
{"level":"WARN","time":"2026-04-13T21:31:21.439+0700","caller":"initialize/redis.go:45","msg":"Redis connection failed, retrying...","attempt":3,"backoff":9,"error":"dial tcp 127.0.0.1:6379: connect: connection refused"}
{"level":"FATAL","time":"2026-04-13T21:31:30.440+0700","caller":"initialize/loadconfig.go:39","msg":"InitRedis: failed to connect after max retries","error":"host=localhost:6379","stacktrace":"inventory-manage/internal/initialize.loggerOrPanic\n\t/Volumes/SSD_MAC_EXTEND/Inventory Manage/project_inventory_manage/internal/initialize/loadconfig.go:39\ninventory-manage/internal/initialize.InitRedis\n\t/Volumes/SSD_MAC_EXTEND/Inventory Manage/project_inventory_manage/internal/initialize/redis.go:53\ninventory-manage/internal/initialize.Run\n\t/Volumes/SSD_MAC_EXTEND/Inventory Manage/project_inventory_manage/internal/initialize/run.go:28\nmain.main\n\t/Volumes/SSD_MAC_EXTEND/Inventory Manage/project_inventory_manage/cmd/server/main.go:24\nruntime.main\n\t/opt/homebrew/Cellar/go/1.26.2/libexec/src/runtime/proc.go:290"}
{"level":"INFO","time":"2026-04-13T21:33:13.070+0700","caller":"initialize/logger.go:12","msg":"Logger initialised successfully"}
{"level":"INFO","time":"2026-04-13T21:33:13.081+0700","caller":"initialize/postgres.go:50","msg":"PostgreSQL connected successfully","host":"localhost","port":5432,"db":"inventory_db"}
{"level":"WARN","time":"2026-04-13T21:33:15.186+0700","caller":"initialize/redis.go:46","msg":"Redis connection failed, retrying...","attempt":1,"backoff":1,"error":"dial tcp 127.0.0.1:6379: connect: connection refused"}
{"level":"WARN","time":"2026-04-13T21:33:18.303+0700","caller":"initialize/redis.go:46","msg":"Redis connection failed, retrying...","attempt":2,"backoff":4,"error":"dial tcp 127.0.0.1:6379: connect: connection refused"}
{"level":"WARN","time":"2026-04-13T21:33:23.436+0700","caller":"initialize/redis.go:46","msg":"Redis connection failed, retrying...","attempt":3,"backoff":9,"error":"dial tcp 127.0.0.1:6379: connect: connection refused"}
{"level":"WARN","time":"2026-04-13T21:33:32.437+0700","caller":"initialize/redis.go:55","msg":"⚠️  Redis unavailable — service starting in DEGRADED mode (caching disabled)","addr":"localhost:6379"}
{"level":"INFO","time":"2026-04-13T21:33:32.441+0700","caller":"initialize/mqtt.go:40","msg":"MQTT broker connected","broker":"localhost:1883","client_id":"inventory-manage-dev"}
{"level":"INFO","time":"2026-04-13T21:33:32.442+0700","caller":"worker/telemetry_receiver.go:55","msg":"Starting telemetry receiver subscription","topic":"application/+/device/+/event/up"}
{"level":"INFO","time":"2026-04-13T21:33:32.443+0700","caller":"initialize/run.go:76","msg":"Telemetry pipeline workers started"}
{"level":"INFO","time":"2026-04-13T21:33:32.443+0700","caller":"initialize/run.go:70","msg":"Starting storage worker"}
{"level":"INFO","time":"2026-04-13T21:33:32.443+0700","caller":"initialize/run.go:37","msg":"Inventory Manage service started successfully","port":8080,"mode":"dev"}
{"level":"INFO","time":"2026-04-13T21:53:07.605+0700","caller":"initialize/logger.go:12","msg":"Logger initialised successfully"}
{"level":"INFO","time":"2026-04-13T21:53:07.618+0700","caller":"initialize/postgres.go:50","msg":"PostgreSQL connected successfully","host":"localhost","port":5432,"db":"inventory_db"}
{"level":"WARN","time":"2026-04-13T21:53:09.728+0700","caller":"initialize/redis.go:46","msg":"Redis connection failed, retrying...","attempt":1,"backoff":1,"error":"dial tcp 127.0.0.1:6379: connect: connection refused"}
{"level":"WARN","time":"2026-04-13T21:53:12.847+0700","caller":"initialize/redis.go:46","msg":"Redis connection failed, retrying...","attempt":2,"backoff":4,"error":"dial tcp 127.0.0.1:6379: connect: connection refused"}
{"level":"WARN","time":"2026-04-13T21:53:17.978+0700","caller":"initialize/redis.go:46","msg":"Redis connection failed, retrying...","attempt":3,"backoff":9,"error":"dial tcp 127.0.0.1:6379: connect: connection refused"}
{"level":"WARN","time":"2026-04-13T21:53:26.979+0700","caller":"initialize/redis.go:55","msg":"⚠️  Redis unavailable — service starting in DEGRADED mode (caching disabled)","addr":"localhost:6379"}
{"level":"INFO","time":"2026-04-13T21:53:26.983+0700","caller":"initialize/mqtt.go:40","msg":"MQTT broker connected","broker":"localhost:1883","client_id":"inventory-manage-dev"}
{"level":"INFO","time":"2026-04-13T21:53:26.984+0700","caller":"worker/telemetry_receiver.go:55","msg":"Starting telemetry receiver subscription","topic":"application/+/device/+/event/up"}
{"level":"INFO","time":"2026-04-13T21:53:26.986+0700","caller":"initialize/run.go:76","msg":"Telemetry pipeline workers started"}
{"level":"INFO","time":"2026-04-13T21:53:26.986+0700","caller":"initialize/run.go:70","msg":"Starting storage worker"}
{"level":"INFO","time":"2026-04-13T21:53:26.986+0700","caller":"initialize/run.go:37","msg":"Inventory Manage service started successfully","port":8080,"mode":"dev"}
{"level":"INFO","time":"2026-04-13T22:24:27.627+0700","caller":"initialize/logger.go:12","msg":"Logger initialised successfully"}
{"level":"INFO","time":"2026-04-13T22:24:27.641+0700","caller":"initialize/postgres.go:50","msg":"PostgreSQL connected successfully","host":"localhost","port":5432,"db":"inventory_db"}
{"level":"WARN","time":"2026-04-13T22:24:29.749+0700","caller":"initialize/redis.go:46","msg":"Redis connection failed, retrying...","attempt":1,"backoff":1,"error":"dial tcp 127.0.0.1:6379: connect: connection refused"}
{"level":"WARN","time":"2026-04-13T22:24:32.859+0700","caller":"initialize/redis.go:46","msg":"Redis connection failed, retrying...","attempt":2,"backoff":4,"error":"dial tcp 127.0.0.1:6379: connect: connection refused"}
{"level":"WARN","time":"2026-04-13T22:24:37.990+0700","caller":"initialize/redis.go:46","msg":"Redis connection failed, retrying...","attempt":3,"backoff":9,"error":"dial tcp 127.0.0.1:6379: connect: connection refused"}
{"level":"WARN","time":"2026-04-13T22:24:46.991+0700","caller":"initialize/redis.go:55","msg":"⚠️  Redis unavailable — service starting in DEGRADED mode (caching disabled)","addr":"localhost:6379"}
{"level":"INFO","time":"2026-04-13T22:24:46.995+0700","caller":"initialize/mqtt.go:40","msg":"MQTT broker connected","broker":"localhost:1883","client_id":"inventory-manage-dev"}
{"level":"INFO","time":"2026-04-13T22:24:46.995+0700","caller":"worker/telemetry_receiver.go:55","msg":"Starting telemetry receiver subscription","topic":"application/+/device/+/event/up"}
{"level":"INFO","time":"2026-04-13T22:24:46.996+0700","caller":"initialize/run.go:76","msg":"Telemetry pipeline workers started"}
{"level":"INFO","time":"2026-04-13T22:24:46.996+0700","caller":"initialize/run.go:70","msg":"Starting storage worker"}
{"level":"INFO","time":"2026-04-13T22:24:46.997+0700","caller":"initialize/run.go:37","msg":"Inventory Manage service started successfully","port":8080,"mode":"dev"}
{"level":"INFO","time":"2026-04-13T22:47:07.233+0700","caller":"initialize/logger.go:12","msg":"Logger initialised successfully"}
{"level":"INFO","time":"2026-04-13T22:47:07.243+0700","caller":"initialize/postgres.go:50","msg":"PostgreSQL connected successfully","host":"localhost","port":5432,"db":"inventory_db"}
{"level":"WARN","time":"2026-04-13T22:47:09.346+0700","caller":"initialize/redis.go:46","msg":"Redis connection failed, retrying...","attempt":1,"backoff":1,"error":"dial tcp 127.0.0.1:6379: connect: connection refused"}
{"level":"WARN","time":"2026-04-13T22:47:12.461+0700","caller":"initialize/redis.go:46","msg":"Redis connection failed, retrying...","attempt":2,"backoff":4,"error":"dial tcp 127.0.0.1:6379: connect: connection refused"}
{"level":"WARN","time":"2026-04-13T22:47:17.594+0700","caller":"initialize/redis.go:46","msg":"Redis connection failed, retrying...","attempt":3,"backoff":9,"error":"dial tcp 127.0.0.1:6379: connect: connection refused"}
{"level":"WARN","time":"2026-04-13T22:47:26.595+0700","caller":"initialize/redis.go:55","msg":"⚠️  Redis unavailable — service starting in DEGRADED mode (caching disabled)","addr":"localhost:6379"}
{"level":"INFO","time":"2026-04-13T22:47:26.600+0700","caller":"initialize/mqtt.go:40","msg":"MQTT broker connected","broker":"localhost:1883","client_id":"inventory-manage-dev"}
{"level":"INFO","time":"2026-04-13T22:47:26.600+0700","caller":"worker/telemetry_receiver.go:55","msg":"Starting telemetry receiver subscription","topic":"application/+/device/+/event/up"}
{"level":"INFO","time":"2026-04-13T22:47:26.601+0700","caller":"initialize/run.go:76","msg":"Telemetry pipeline workers started"}
{"level":"INFO","time":"2026-04-13T22:47:26.601+0700","caller":"initialize/run.go:70","msg":"Starting storage worker"}
{"level":"INFO","time":"2026-04-13T22:47:26.601+0700","caller":"initialize/run.go:37","msg":"Inventory Manage service started successfully","port":8080,"mode":"dev"}
{"level":"INFO","time":"2026-04-13T22:48:12.026+0700","caller":"middlewares/logger.go:48","msg":"Request","status":200,"method":"GET","path":"/api/v1/devices","query":"","latency":0.115701084,"ip":"::1","trace_id":"67d60269-2ef2-45ad-8ea7-c00ecb225ca5"}
{"level":"WARN","time":"2026-04-13T22:48:12.042+0700","caller":"middlewares/logger.go:46","msg":"Client error","status":404,"method":"GET","path":"/favicon.ico","query":"","latency":0.000000166,"ip":"::1","trace_id":"a1c734ef-eab9-41f9-827c-ffad02abb530"}
{"level":"INFO","time":"2026-04-13T22:48:29.464+0700","caller":"middlewares/logger.go:48","msg":"Request","status":200,"method":"GET","path":"/api/v1/devices","query":"","latency":0.002119917,"ip":"::1","trace_id":"f7e0db88-9ccc-4455-a5e4-d93da11e6654"}
{"level":"INFO","time":"2026-04-13T22:48:31.430+0700","caller":"middlewares/logger.go:48","msg":"Request","status":200,"method":"GET","path":"/api/v1/devices","query":"","latency":0.00228125,"ip":"::1","trace_id":"f99eea73-d12e-4a13-b214-eb0fa6bf3de7"}
{"level":"INFO","time":"2026-04-13T23:10:30.750+0700","caller":"middlewares/logger.go:48","msg":"Request","status":200,"method":"GET","path":"/health","query":"","latency":0.000024209,"ip":"::1","trace_id":"8908f618-9df1-42dd-bb29-1d81fd704bec"}
{"level":"INFO","time":"2026-04-13T23:12:00.987+0700","caller":"middlewares/logger.go:48","msg":"Request","status":200,"method":"GET","path":"/health","query":"","latency":0.000023959,"ip":"::1","trace_id":"be95bee5-7a49-404f-a8f2-4df984471f4a"}
{"level":"INFO","time":"2026-04-13T23:12:01.650+0700","caller":"middlewares/logger.go:48","msg":"Request","status":200,"method":"GET","path":"/health","query":"","latency":0.000031,"ip":"::1","trace_id":"308cc33c-d01e-4ce3-b77f-33d107c578ff"}
{"level":"INFO","time":"2026-04-13T23:12:01.833+0700","caller":"middlewares/logger.go:48","msg":"Request","status":200,"method":"GET","path":"/health","query":"","latency":0.000026833,"ip":"::1","trace_id":"91495a0c-189f-4251-a8d3-fe43320a4e90"}
{"level":"INFO","time":"2026-04-13T23:12:01.996+0700","caller":"middlewares/logger.go:48","msg":"Request","status":200,"method":"GET","path":"/health","query":"","latency":0.000019583,"ip":"::1","trace_id":"edff71b1-e6f8-43b3-a64c-830fca91f264"}
{"level":"INFO","time":"2026-04-13T23:12:02.143+0700","caller":"middlewares/logger.go:48","msg":"Request","status":200,"method":"GET","path":"/health","query":"","latency":0.00001425,"ip":"::1","trace_id":"81e0c643-4d90-4d08-8872-31bd6d7f31de"}
{"level":"INFO","time":"2026-04-13T23:12:02.299+0700","caller":"middlewares/logger.go:48","msg":"Request","status":200,"method":"GET","path":"/health","query":"","latency":0.000023459,"ip":"::1","trace_id":"7b130a5c-fc28-4d4a-ab3a-e60ecaf84094"}
{"level":"INFO","time":"2026-04-13T23:12:02.443+0700","caller":"middlewares/logger.go:48","msg":"Request","status":200,"method":"GET","path":"/health","query":"","latency":0.000025291,"ip":"::1","trace_id":"cff74485-7a67-4e08-b2a8-65955e33e856"}
{"level":"INFO","time":"2026-04-13T23:12:02.582+0700","caller":"middlewares/logger.go:48","msg":"Request","status":200,"method":"GET","path":"/health","query":"","latency":0.000024917,"ip":"::1","trace_id":"dad7a5f6-5b6c-4cf7-9c4f-dfeceac935b7"}
{"level":"INFO","time":"2026-04-13T23:12:02.726+0700","caller":"middlewares/logger.go:48","msg":"Request","status":200,"method":"GET","path":"/health","query":"","latency":0.000022792,"ip":"::1","trace_id":"8c1c5d45-22cd-4605-9f71-02b42128d560"}
{"level":"INFO","time":"2026-04-13T23:12:02.891+0700","caller":"middlewares/logger.go:48","msg":"Request","status":200,"method":"GET","path":"/health","query":"","latency":0.000024084,"ip":"::1","trace_id":"2807f647-3f84-421f-a290-2b5cfda2e287"}
{"level":"INFO","time":"2026-04-13T23:12:03.043+0700","caller":"middlewares/logger.go:48","msg":"Request","status":200,"method":"GET","path":"/health","query":"","latency":0.000023375,"ip":"::1","trace_id":"2129591d-9ce4-4d69-bbc5-05791b472736"}
{"level":"INFO","time":"2026-04-13T23:12:03.197+0700","caller":"middlewares/logger.go:48","msg":"Request","status":200,"method":"GET","path":"/health","query":"","latency":0.000023792,"ip":"::1","trace_id":"b6191f5f-368a-4350-bb5b-a3393717bf65"}
{"level":"INFO","time":"2026-04-13T23:12:03.363+0700","caller":"middlewares/logger.go:48","msg":"Request","status":200,"method":"GET","path":"/health","query":"","latency":0.000026625,"ip":"::1","trace_id":"21ad6c50-5b7c-411a-8db2-479cad02c9b5"}
{"level":"INFO","time":"2026-04-13T23:12:03.627+0700","caller":"middlewares/logger.go:48","msg":"Request","status":200,"method":"GET","path":"/health","query":"","latency":0.000029208,"ip":"::1","trace_id":"96f05865-fe56-4158-acaf-8088241a88f6"}
{"level":"INFO","time":"2026-04-13T23:12:03.794+0700","caller":"middlewares/logger.go:48","msg":"Request","status":200,"method":"GET","path":"/health","query":"","latency":0.000076208,"ip":"::1","trace_id":"4527c173-0359-4fb1-96a6-a4a26bfadcb5"}
{"level":"INFO","time":"2026-04-13T23:12:03.979+0700","caller":"middlewares/logger.go:48","msg":"Request","status":200,"method":"GET","path":"/health","query":"","latency":0.000022083,"ip":"::1","trace_id":"195f7b05-4394-4f7b-a27d-af3212b3b151"}
{"level":"INFO","time":"2026-04-13T23:12:04.170+0700","caller":"middlewares/logger.go:48","msg":"Request","status":200,"method":"GET","path":"/health","query":"","latency":0.000024292,"ip":"::1","trace_id":"506df72d-e713-4565-b8c6-da195f9da76a"}
{"level":"INFO","time":"2026-04-13T23:12:04.358+0700","caller":"middlewares/logger.go:48","msg":"Request","status":200,"method":"GET","path":"/health","query":"","latency":0.000021709,"ip":"::1","trace_id":"ca043b0c-08ed-41ed-8a96-b5fc620ee4f1"}
{"level":"INFO","time":"2026-04-13T23:12:04.587+0700","caller":"middlewares/logger.go:48","msg":"Request","status":200,"method":"GET","path":"/health","query":"","latency":0.000025708,"ip":"::1","trace_id":"dda5ec45-070b-419c-9257-54a4edc998c3"}
{"level":"INFO","time":"2026-04-13T23:12:04.803+0700","caller":"middlewares/logger.go:48","msg":"Request","status":200,"method":"GET","path":"/health","query":"","latency":0.000025875,"ip":"::1","trace_id":"8d74a54a-1d7e-4c2c-a85e-2bc60afd434a"}
{"level":"INFO","time":"2026-04-13T23:31:13.182+0700","caller":"initialize/logger.go:12","msg":"Logger initialised successfully"}
{"level":"INFO","time":"2026-04-13T23:31:13.216+0700","caller":"initialize/postgres.go:50","msg":"PostgreSQL connected successfully","host":"localhost","port":5432,"db":"inventory_db"}
{"level":"WARN","time":"2026-04-13T23:31:15.319+0700","caller":"initialize/redis.go:46","msg":"Redis connection failed, retrying...","attempt":1,"backoff":1,"error":"dial tcp [::1]:6379: connect: connection refused"}
{"level":"WARN","time":"2026-04-13T23:31:18.431+0700","caller":"initialize/redis.go:46","msg":"Redis connection failed, retrying...","attempt":2,"backoff":4,"error":"dial tcp [::1]:6379: connect: connection refused"}
{"level":"WARN","time":"2026-04-13T23:31:23.560+0700","caller":"initialize/redis.go:46","msg":"Redis connection failed, retrying...","attempt":3,"backoff":9,"error":"dial tcp [::1]:6379: connect: connection refused"}
{"level":"WARN","time":"2026-04-13T23:31:32.561+0700","caller":"initialize/redis.go:55","msg":"⚠️  Redis unavailable — service starting in DEGRADED mode (caching disabled)","addr":"localhost:6379"}
{"level":"INFO","time":"2026-04-13T23:31:32.566+0700","caller":"initialize/mqtt.go:40","msg":"MQTT broker connected","broker":"localhost:1883","client_id":"inventory-manage-dev"}
{"level":"INFO","time":"2026-04-13T23:31:32.566+0700","caller":"worker/telemetry_receiver.go:55","msg":"Starting telemetry receiver subscription","topic":"application/+/device/+/event/up"}
{"level":"INFO","time":"2026-04-13T23:31:32.568+0700","caller":"initialize/run.go:76","msg":"Telemetry pipeline workers started"}
{"level":"INFO","time":"2026-04-13T23:31:32.568+0700","caller":"initialize/run.go:70","msg":"Starting storage worker"}
{"level":"INFO","time":"2026-04-13T23:31:32.568+0700","caller":"initialize/run.go:37","msg":"Inventory Manage service started successfully","port":8080,"mode":"dev"}
{"level":"INFO","time":"2026-04-13T23:31:33.447+0700","caller":"middlewares/logger.go:48","msg":"Request","status":200,"method":"GET","path":"/health","query":"","latency":0.000133208,"ip":"::1","trace_id":"e3388939-c467-416f-b144-a4aaec6dd11a"}
{"level":"INFO","time":"2026-04-13T23:31:36.423+0700","caller":"middlewares/logger.go:48","msg":"Request","status":200,"method":"GET","path":"/health","query":"","latency":0.000024291,"ip":"::1","trace_id":"a2244592-2c5e-4777-b7bc-cd0b5374eb22"}
{"level":"INFO","time":"2026-04-13T23:31:36.594+0700","caller":"middlewares/logger.go:48","msg":"Request","status":200,"method":"GET","path":"/health","query":"","latency":0.000023834,"ip":"::1","trace_id":"87052831-2eb7-4e43-947a-51d3f157855f"}
{"level":"INFO","time":"2026-04-13T23:31:36.759+0700","caller":"middlewares/logger.go:48","msg":"Request","status":200,"method":"GET","path":"/health","query":"","latency":0.000026125,"ip":"::1","trace_id":"9c6c2b4a-2e13-40d6-928c-f97d776e5442"}
{"level":"INFO","time":"2026-04-13T23:31:36.911+0700","caller":"middlewares/logger.go:48","msg":"Request","status":200,"method":"GET","path":"/health","query":"","latency":0.000023084,"ip":"::1","trace_id":"3812c24d-fafd-4498-adb7-0f4927ead003"}
{"level":"INFO","time":"2026-04-13T23:31:37.062+0700","caller":"middlewares/logger.go:48","msg":"Request","status":200,"method":"GET","path":"/health","query":"","latency":0.000025292,"ip":"::1","trace_id":"5178e68f-e2dc-4b78-b3d1-bf9936307717"}
{"level":"INFO","time":"2026-04-13T23:31:37.210+0700","caller":"middlewares/logger.go:48","msg":"Request","status":200,"method":"GET","path":"/health","query":"","latency":0.000023125,"ip":"::1","trace_id":"51231af5-281e-47be-812c-6b8e6db59345"}
{"level":"INFO","time":"2026-04-13T23:31:37.366+0700","caller":"middlewares/logger.go:48","msg":"Request","status":200,"method":"GET","path":"/health","query":"","latency":0.000024834,"ip":"::1","trace_id":"955760ac-3482-4e9a-9d7c-22c84d1f1227"}
{"level":"INFO","time":"2026-04-13T23:31:37.511+0700","caller":"middlewares/logger.go:48","msg":"Request","status":200,"method":"GET","path":"/health","query":"","latency":0.00002475,"ip":"::1","trace_id":"8c2269f9-7b81-45d4-a727-460118cb6e63"}
{"level":"INFO","time":"2026-04-13T23:31:37.664+0700","caller":"middlewares/logger.go:48","msg":"Request","status":200,"method":"GET","path":"/health","query":"","latency":0.00002475,"ip":"::1","trace_id":"29d82e92-44a0-456f-8e77-245d1940d54b"}
{"level":"INFO","time":"2026-04-13T23:31:37.795+0700","caller":"middlewares/logger.go:48","msg":"Request","status":200,"method":"GET","path":"/health","query":"","latency":0.000010833,"ip":"::1","trace_id":"3c1bb20f-1987-41fc-8acd-debe61d97f47"}
{"level":"INFO","time":"2026-04-13T23:31:37.951+0700","caller":"middlewares/logger.go:48","msg":"Request","status":200,"method":"GET","path":"/health","query":"","latency":0.000117083,"ip":"::1","trace_id":"81b476de-d342-477c-b48f-1d4e2a359826"}
{"level":"INFO","time":"2026-04-13T23:31:38.108+0700","caller":"middlewares/logger.go:48","msg":"Request","status":200,"method":"GET","path":"/health","query":"","latency":0.000022958,"ip":"::1","trace_id":"c67533cb-4818-4b5a-8d9b-05b179a39f70"}
{"level":"INFO","time":"2026-04-13T23:31:38.405+0700","caller":"middlewares/logger.go:48","msg":"Request","status":200,"method":"GET","path":"/health","query":"","latency":0.000022542,"ip":"::1","trace_id":"f141bc44-1d11-4d68-890b-5230ac5f965c"}
{"level":"INFO","time":"2026-04-13T23:31:38.564+0700","caller":"middlewares/logger.go:48","msg":"Request","status":200,"method":"GET","path":"/health","query":"","latency":0.000011125,"ip":"::1","trace_id":"78651197-0069-43b5-b822-9bb1cf0028a1"}
{"level":"INFO","time":"2026-04-13T23:31:38.724+0700","caller":"middlewares/logger.go:48","msg":"Request","status":200,"method":"GET","path":"/health","query":"","latency":0.00001375,"ip":"::1","trace_id":"d2a41fc4-6f3f-40ad-b630-e07f7c066e61"}
{"level":"INFO","time":"2026-04-13T23:31:38.893+0700","caller":"middlewares/logger.go:48","msg":"Request","status":200,"method":"GET","path":"/health","query":"","latency":0.000088375,"ip":"::1","trace_id":"b8b4d59c-e981-4026-b3ed-f5460a61d54b"}
{"level":"INFO","time":"2026-04-13T23:31:39.060+0700","caller":"middlewares/logger.go:48","msg":"Request","status":200,"method":"GET","path":"/health","query":"","latency":0.000026125,"ip":"::1","trace_id":"a414cce7-4741-4529-aaa0-f060c8c6d60d"}
{"level":"INFO","time":"2026-04-13T23:31:39.227+0700","caller":"middlewares/logger.go:48","msg":"Request","status":200,"method":"GET","path":"/health","query":"","latency":0.000017084,"ip":"::1","trace_id":"11c1e2b5-6c76-42ff-b27a-3d26b84d8eeb"}
{"level":"INFO","time":"2026-04-13T23:31:39.661+0700","caller":"middlewares/logger.go:48","msg":"Request","status":200,"method":"GET","path":"/health","query":"","latency":0.000023792,"ip":"::1","trace_id":"7cbe4378-2c6f-4c0d-a896-ccbef16b13ba"}
{"level":"INFO","time":"2026-04-13T23:31:39.853+0700","caller":"middlewares/logger.go:48","msg":"Request","status":200,"method":"GET","path":"/health","query":"","latency":0.000022875,"ip":"::1","trace_id":"7d04b2e8-840c-41d8-80dd-88c48a9cba99"}
{"level":"INFO","time":"2026-04-13T23:31:40.015+0700","caller":"middlewares/logger.go:48","msg":"Request","status":200,"method":"GET","path":"/health","query":"","latency":0.000010292,"ip":"::1","trace_id":"fa256e51-97a3-40b9-a1f2-8c59a975f543"}
{"level":"INFO","time":"2026-04-13T23:31:40.192+0700","caller":"middlewares/logger.go:48","msg":"Request","status":200,"method":"GET","path":"/health","query":"","latency":0.000007958,"ip":"::1","trace_id":"465d9ed9-aab9-4e8c-b93a-31ab9e3fc522"}
{"level":"INFO","time":"2026-04-13T23:31:40.356+0700","caller":"middlewares/logger.go:48","msg":"Request","status":200,"method":"GET","path":"/health","query":"","latency":0.000013125,"ip":"::1","trace_id":"54d5c910-d843-4f1f-86c6-caf3f6db4e12"}
{"level":"INFO","time":"2026-04-13T23:31:40.539+0700","caller":"middlewares/logger.go:48","msg":"Request","status":200,"method":"GET","path":"/health","query":"","latency":0.000028917,"ip":"::1","trace_id":"d54f05ec-2954-4d8c-93d7-861a6905cee4"}
{"level":"INFO","time":"2026-04-13T23:31:40.709+0700","caller":"middlewares/logger.go:48","msg":"Request","status":200,"method":"GET","path":"/health","query":"","latency":0.000017708,"ip":"::1","trace_id":"e4c9de07-bb8e-4f1d-a44c-5b1dfa991e2f"}
{"level":"INFO","time":"2026-04-13T23:31:40.861+0700","caller":"middlewares/logger.go:48","msg":"Request","status":200,"method":"GET","path":"/health","query":"","latency":0.000025584,"ip":"::1","trace_id":"278f66ce-6c7a-40d1-b1dc-17b560e0a56a"}
{"level":"INFO","time":"2026-04-13T23:31:41.027+0700","caller":"middlewares/logger.go:48","msg":"Request","status":200,"method":"GET","path":"/health","query":"","latency":0.000008334,"ip":"::1","trace_id":"7345f2d0-9633-4392-8883-1a397f1a07d2"}
{"level":"INFO","time":"2026-04-13T23:31:41.194+0700","caller":"middlewares/logger.go:48","msg":"Request","status":200,"method":"GET","path":"/health","query":"","latency":0.000012833,"ip":"::1","trace_id":"978e1e83-753a-4c50-8b76-555e5d7ec434"}
{"level":"INFO","time":"2026-04-13T23:31:41.363+0700","caller":"middlewares/logger.go:48","msg":"Request","status":200,"method":"GET","path":"/health","query":"","latency":0.000016917,"ip":"::1","trace_id":"a151a920-91bf-40cb-86f7-321892393c10"}
{"level":"INFO","time":"2026-04-13T23:31:41.549+0700","caller":"middlewares/logger.go:48","msg":"Request","status":200,"method":"GET","path":"/health","query":"","latency":0.000029792,"ip":"::1","trace_id":"4dedba5b-8be2-49e7-86da-45ee7d809eb9"}
{"level":"INFO","time":"2026-04-13T23:58:05.480+0700","caller":"initialize/logger.go:12","msg":"Logger initialised successfully"}
{"level":"INFO","time":"2026-04-13T23:58:05.490+0700","caller":"initialize/postgres.go:50","msg":"PostgreSQL connected successfully","host":"localhost","port":5432,"db":"inventory_db"}
{"level":"WARN","time":"2026-04-13T23:58:07.596+0700","caller":"initialize/redis.go:46","msg":"Redis connection failed, retrying...","attempt":1,"backoff":1,"error":"dial tcp [::1]:6379: connect: connection refused"}
{"level":"WARN","time":"2026-04-13T23:58:10.712+0700","caller":"initialize/redis.go:46","msg":"Redis connection failed, retrying...","attempt":2,"backoff":4,"error":"dial tcp [::1]:6379: connect: connection refused"}
{"level":"WARN","time":"2026-04-13T23:58:15.842+0700","caller":"initialize/redis.go:46","msg":"Redis connection failed, retrying...","attempt":3,"backoff":9,"error":"dial tcp [::1]:6379: connect: connection refused"}
{"level":"WARN","time":"2026-04-13T23:58:24.843+0700","caller":"initialize/redis.go:55","msg":"⚠️  Redis unavailable — service starting in DEGRADED mode (caching disabled)","addr":"localhost:6379"}
{"level":"INFO","time":"2026-04-13T23:58:24.846+0700","caller":"initialize/mqtt.go:40","msg":"MQTT broker connected","broker":"localhost:1883","client_id":"inventory-manage-dev"}
{"level":"INFO","time":"2026-04-13T23:58:24.847+0700","caller":"worker/telemetry_receiver.go:55","msg":"Starting telemetry receiver subscription","topic":"application/+/device/+/event/up"}
{"level":"INFO","time":"2026-04-13T23:58:24.848+0700","caller":"initialize/run.go:76","msg":"Telemetry pipeline workers started"}
{"level":"INFO","time":"2026-04-13T23:58:24.848+0700","caller":"initialize/run.go:70","msg":"Starting storage worker"}
{"level":"INFO","time":"2026-04-13T23:58:24.848+0700","caller":"initialize/run.go:37","msg":"Inventory Manage service started successfully","port":8080,"mode":"dev"}
{"level":"INFO","time":"2026-04-13T23:58:44.729+0700","caller":"middlewares/logger.go:48","msg":"Request","status":200,"method":"GET","path":"/swagger/index.html","query":"","latency":0.000448375,"ip":"::1","trace_id":"b692e42f-ac3c-4d56-a202-3dd6685f49b3"}
{"level":"INFO","time":"2026-04-13T23:58:44.744+0700","caller":"middlewares/logger.go:48","msg":"Request","status":200,"method":"GET","path":"/swagger/swagger-ui.css","query":"","latency":0.00022425,"ip":"::1","trace_id":"926b7da1-f4c5-4879-8449-da3950c60d39"}
{"level":"INFO","time":"2026-04-13T23:58:44.744+0700","caller":"middlewares/logger.go:48","msg":"Request","status":200,"method":"GET","path":"/swagger/index.css","query":"","latency":0.000016667,"ip":"::1","trace_id":"896bb33e-16a3-470c-8a9d-48b99681d6f4"}
{"level":"INFO","time":"2026-04-13T23:58:44.746+0700","caller":"middlewares/logger.go:48","msg":"Request","status":200,"method":"GET","path":"/swagger/swagger-initializer.js","query":"","latency":0.000087208,"ip":"::1","trace_id":"2ab4df03-dee5-45de-98df-d3f6786f7b81"}
{"level":"INFO","time":"2026-04-13T23:58:44.746+0700","caller":"middlewares/logger.go:48","msg":"Request","status":200,"method":"GET","path":"/swagger/swagger-ui-standalone-preset.js","query":"","latency":0.000222583,"ip":"::1","trace_id":"7e36725f-06b5-4d2d-8bd6-1968c966a48a"}
{"level":"INFO","time":"2026-04-13T23:58:44.747+0700","caller":"middlewares/logger.go:48","msg":"Request","status":200,"method":"GET","path":"/swagger/swagger-ui-bundle.js","query":"","latency":0.002058917,"ip":"::1","trace_id":"cd51bf1a-489b-4e84-b281-f19942974bec"}
{"level":"INFO","time":"2026-04-13T23:58:44.812+0700","caller":"middlewares/logger.go:48","msg":"Request","status":200,"method":"GET","path":"/swagger/doc.json","query":"","latency":0.000205125,"ip":"::1","trace_id":"13f28e5e-019b-4f0a-8697-00fb350c63bf"}
{"level":"INFO","time":"2026-04-13T23:58:44.834+0700","caller":"middlewares/logger.go:48","msg":"Request","status":200,"method":"GET","path":"/swagger/favicon-32x32.png","query":"","latency":0.000037209,"ip":"::1","trace_id":"ff25d3d2-e674-4fb3-94df-b998d2c42bdf"}
{"level":"WARN","time":"2026-04-13T23:58:59.678+0700","caller":"middlewares/logger.go:46","msg":"Client error","status":404,"method":"POST","path":"/api/v1/api/v1/calibrations","query":"","latency":0.00000025,"ip":"::1","trace_id":"3d67ca96-b998-4ebd-99f3-341b1176bd3f"}
{"level":"WARN","time":"2026-04-13T23:59:24.433+0700","caller":"middlewares/logger.go:46","msg":"Client error","status":404,"method":"GET","path":"/api/v1/api/v1/inventory/current","query":"","latency":0.000000083,"ip":"::1","trace_id":"87928a9f-4150-4509-bb35-58a09c30de6f"}
{"level":"WARN","time":"2026-04-13T23:59:49.354+0700","caller":"middlewares/logger.go:46","msg":"Client error","status":404,"method":"GET","path":"/api/v1/api/v1/devices","query":"","latency":0.000000166,"ip":"::1","trace_id":"f048676f-b7cd-4c41-8d70-d87df93160df"}
{"level":"INFO","time":"2026-04-14T00:02:36.467+0700","caller":"initialize/logger.go:12","msg":"Logger initialised successfully"}
{"level":"INFO","time":"2026-04-14T00:02:36.480+0700","caller":"initialize/postgres.go:50","msg":"PostgreSQL connected successfully","host":"localhost","port":5432,"db":"inventory_db"}
{"level":"WARN","time":"2026-04-14T00:02:38.592+0700","caller":"initialize/redis.go:46","msg":"Redis connection failed, retrying...","attempt":1,"backoff":1,"error":"dial tcp [::1]:6379: connect: connection refused"}
{"level":"WARN","time":"2026-04-14T00:02:41.708+0700","caller":"initialize/redis.go:46","msg":"Redis connection failed, retrying...","attempt":2,"backoff":4,"error":"dial tcp [::1]:6379: connect: connection refused"}
{"level":"WARN","time":"2026-04-14T00:02:46.841+0700","caller":"initialize/redis.go:46","msg":"Redis connection failed, retrying...","attempt":3,"backoff":9,"error":"dial tcp [::1]:6379: connect: connection refused"}
{"level":"WARN","time":"2026-04-14T00:02:55.842+0700","caller":"initialize/redis.go:55","msg":"⚠️  Redis unavailable — service starting in DEGRADED mode (caching disabled)","addr":"localhost:6379"}
{"level":"INFO","time":"2026-04-14T00:02:55.846+0700","caller":"initialize/mqtt.go:40","msg":"MQTT broker connected","broker":"localhost:1883","client_id":"inventory-manage-dev"}
{"level":"INFO","time":"2026-04-14T00:02:55.846+0700","caller":"worker/telemetry_receiver.go:55","msg":"Starting telemetry receiver subscription","topic":"application/+/device/+/event/up"}
{"level":"INFO","time":"2026-04-14T00:02:55.847+0700","caller":"initialize/run.go:76","msg":"Telemetry pipeline workers started"}
{"level":"INFO","time":"2026-04-14T00:02:55.847+0700","caller":"initialize/run.go:70","msg":"Starting storage worker"}
{"level":"INFO","time":"2026-04-14T00:02:55.847+0700","caller":"initialize/run.go:37","msg":"Inventory Manage service started successfully","port":8080,"mode":"dev"}
{"level":"INFO","time":"2026-04-14T00:02:57.889+0700","caller":"middlewares/logger.go:48","msg":"Request","status":200,"method":"GET","path":"/swagger/index.html","query":"","latency":0.000479958,"ip":"::1","trace_id":"ed5d9124-d07a-47b6-a6e7-930f90c489b7"}
{"level":"INFO","time":"2026-04-14T00:02:57.904+0700","caller":"middlewares/logger.go:48","msg":"Request","status":200,"method":"GET","path":"/swagger/index.css","query":"","latency":0.000014833,"ip":"::1","trace_id":"46d20f4a-312c-4e7f-bc40-1265f04487df"}
{"level":"INFO","time":"2026-04-14T00:02:57.906+0700","caller":"middlewares/logger.go:48","msg":"Request","status":200,"method":"GET","path":"/swagger/swagger-ui.css","query":"","latency":0.000548375,"ip":"::1","trace_id":"12728f1d-b674-4d1f-ba5f-7a10b5719271"}
{"level":"INFO","time":"2026-04-14T00:02:57.906+0700","caller":"middlewares/logger.go:48","msg":"Request","status":200,"method":"GET","path":"/swagger/swagger-initializer.js","query":"","latency":0.000033334,"ip":"::1","trace_id":"f99852b2-9bd7-4af7-bd98-13735d1e67db"}
{"level":"INFO","time":"2026-04-14T00:02:57.906+0700","caller":"middlewares/logger.go:48","msg":"Request","status":200,"method":"GET","path":"/swagger/swagger-ui-standalone-preset.js","query":"","latency":0.000358834,"ip":"::1","trace_id":"152135a5-a2d4-4025-a00b-8de26da25dea"}
{"level":"INFO","time":"2026-04-14T00:02:57.908+0700","caller":"middlewares/logger.go:48","msg":"Request","status":200,"method":"GET","path":"/swagger/swagger-ui-bundle.js","query":"","latency":0.001949875,"ip":"::1","trace_id":"0f4b9abc-a034-4580-a6f4-adc88dd5125c"}
{"level":"INFO","time":"2026-04-14T00:02:57.973+0700","caller":"middlewares/logger.go:48","msg":"Request","status":200,"method":"GET","path":"/swagger/doc.json","query":"","latency":0.000402958,"ip":"::1","trace_id":"8c9d1367-f9a3-48ce-9de3-4cee28566576"}
{"level":"INFO","time":"2026-04-14T00:02:57.995+0700","caller":"middlewares/logger.go:48","msg":"Request","status":200,"method":"GET","path":"/swagger/favicon-32x32.png","query":"","latency":0.000032375,"ip":"::1","trace_id":"9e5da87f-7167-4fb7-93d1-7b808b0166d0"}
{"level":"INFO","time":"2026-04-14T00:03:03.706+0700","caller":"middlewares/logger.go:48","msg":"Request","status":200,"method":"GET","path":"/api/v1/devices","query":"","latency":0.016855333,"ip":"::1","trace_id":"f497b591-c581-4cf4-933c-0429af5ed988"}
{"level":"INFO","time":"2026-04-14T00:03:13.618+0700","caller":"middlewares/logger.go:48","msg":"Request","status":200,"method":"POST","path":"/api/v1/calibrations","query":"","latency":0.00011175,"ip":"::1","trace_id":"b5a5d649-fdad-41f2-a050-8530812069fb"}
{"level":"INFO","time":"2026-04-14T00:03:26.441+0700","caller":"middlewares/logger.go:48","msg":"Request","status":200,"method":"POST","path":"/api/v1/calibrations","query":"","latency":0.0000705,"ip":"::1","trace_id":"7c8ef628-615c-49dd-ab78-2fb988998f6b"}
{"level":"INFO","time":"2026-04-14T18:04:39.754+0700","caller":"initialize/logger.go:12","msg":"Logger initialised successfully"}
{"level":"FATAL","time":"2026-04-14T18:04:39.758+0700","caller":"initialize/loadconfig.go:39","msg":"InitPostgres: ping failed","error":"failed to connect to `host=localhost user=inventory_user database=inventory_db`: dial error (dial tcp [::1]:5432: connect: connection refused)","stacktrace":"inventory-manage/internal/initialize.loggerOrPanic\n\t/Volumes/SSD_MAC_EXTEND/Inventory Manage/project_inventory_manage/internal/initialize/loadconfig.go:39\ninventory-manage/internal/initialize.InitPostgres\n\t/Volumes/SSD_MAC_EXTEND/Inventory Manage/project_inventory_manage/internal/initialize/postgres.go:46\ninventory-manage/internal/initialize.Run\n\t/Volumes/SSD_MAC_EXTEND/Inventory Manage/project_inventory_manage/internal/initialize/run.go:27\nmain.main\n\t/Volumes/SSD_MAC_EXTEND/Inventory Manage/project_inventory_manage/cmd/server/main.go:24\nruntime.main\n\t/opt/homebrew/Cellar/go/1.26.2/libexec/src/runtime/proc.go:290"}
{"level":"INFO","time":"2026-04-14T18:04:55.020+0700","caller":"initialize/logger.go:12","msg":"Logger initialised successfully"}
{"level":"FATAL","time":"2026-04-14T18:04:55.023+0700","caller":"initialize/loadconfig.go:39","msg":"InitPostgres: ping failed","error":"failed to connect to `host=localhost user=inventory_user database=inventory_db`: dial error (dial tcp [::1]:5432: connect: connection refused)","stacktrace":"inventory-manage/internal/initialize.loggerOrPanic\n\t/Volumes/SSD_MAC_EXTEND/Inventory Manage/project_inventory_manage/internal/initialize/loadconfig.go:39\ninventory-manage/internal/initialize.InitPostgres\n\t/Volumes/SSD_MAC_EXTEND/Inventory Manage/project_inventory_manage/internal/initialize/postgres.go:46\ninventory-manage/internal/initialize.Run\n\t/Volumes/SSD_MAC_EXTEND/Inventory Manage/project_inventory_manage/internal/initialize/run.go:27\nmain.main\n\t/Volumes/SSD_MAC_EXTEND/Inventory Manage/project_inventory_manage/cmd/server/main.go:24\nruntime.main\n\t/opt/homebrew/Cellar/go/1.26.2/libexec/src/runtime/proc.go:290"}
{"level":"INFO","time":"2026-04-14T18:06:16.065+0700","caller":"initialize/logger.go:12","msg":"Logger initialised successfully"}
{"level":"INFO","time":"2026-04-14T18:06:16.071+0700","caller":"initialize/postgres.go:50","msg":"PostgreSQL connected successfully","host":"localhost","port":5432,"db":"inventory_db"}
{"level":"WARN","time":"2026-04-14T18:06:18.178+0700","caller":"initialize/redis.go:46","msg":"Redis connection failed, retrying...","attempt":1,"backoff":1,"error":"dial tcp 127.0.0.1:6379: connect: connection refused"}
{"level":"WARN","time":"2026-04-14T18:06:21.294+0700","caller":"initialize/redis.go:46","msg":"Redis connection failed, retrying...","attempt":2,"backoff":4,"error":"dial tcp 127.0.0.1:6379: connect: connection refused"}
{"level":"WARN","time":"2026-04-14T18:06:26.428+0700","caller":"initialize/redis.go:46","msg":"Redis connection failed, retrying...","attempt":3,"backoff":9,"error":"dial tcp 127.0.0.1:6379: connect: connection refused"}
{"level":"WARN","time":"2026-04-14T18:06:35.429+0700","caller":"initialize/redis.go:55","msg":"⚠️  Redis unavailable — service starting in DEGRADED mode (caching disabled)","addr":"localhost:6379"}
{"level":"INFO","time":"2026-04-14T18:06:35.434+0700","caller":"initialize/mqtt.go:40","msg":"MQTT broker connected","broker":"localhost:1883","client_id":"inventory-manage-dev"}
{"level":"INFO","time":"2026-04-14T18:06:35.434+0700","caller":"worker/telemetry_receiver.go:55","msg":"Starting telemetry receiver subscription","topic":"application/+/device/+/event/up"}
{"level":"INFO","time":"2026-04-14T18:06:35.435+0700","caller":"initialize/run.go:76","msg":"Telemetry pipeline workers started"}
{"level":"INFO","time":"2026-04-14T18:06:35.435+0700","caller":"initialize/run.go:70","msg":"Starting storage worker"}
{"level":"INFO","time":"2026-04-14T18:06:35.436+0700","caller":"initialize/run.go:37","msg":"Inventory Manage service started successfully","port":8080,"mode":"dev"}
{"level":"INFO","time":"2026-04-14T18:11:14.839+0700","caller":"middlewares/logger.go:48","msg":"Request","status":200,"method":"GET","path":"/health","query":"","latency":0.000221292,"ip":"192.168.1.107","trace_id":"72b505d3-03c7-4737-996b-3e759ae8cfdc"}
{"level":"WARN","time":"2026-04-14T18:11:14.881+0700","caller":"middlewares/logger.go:46","msg":"Client error","status":404,"method":"GET","path":"/favicon.ico","query":"","latency":0.000000083,"ip":"192.168.1.107","trace_id":"d11c1651-f3fe-40d7-a542-b73a561003ff"}
{"level":"INFO","time":"2026-04-14T18:11:44.225+0700","caller":"middlewares/logger.go:48","msg":"Request","status":200,"method":"GET","path":"/health","query":"","latency":0.000032458,"ip":"192.168.1.107","trace_id":"d5cd4a0d-b48a-4f1d-9357-8223e0b6a337"}
{"level":"INFO","time":"2026-04-14T18:11:45.036+0700","caller":"middlewares/logger.go:48","msg":"Request","status":200,"method":"GET","path":"/health","query":"","latency":0.000031375,"ip":"192.168.1.107","trace_id":"6b7a9ba9-862b-4fa5-94ed-5f2fd6c1811b"}
{"level":"INFO","time":"2026-04-14T18:11:45.107+0700","caller":"middlewares/logger.go:48","msg":"Request","status":200,"method":"GET","path":"/health","query":"","latency":0.000024458,"ip":"192.168.1.107","trace_id":"525328dd-9231-4584-b9f6-9e716cc41c04"}
{"level":"INFO","time":"2026-04-14T18:11:45.262+0700","caller":"middlewares/logger.go:48","msg":"Request","status":200,"method":"GET","path":"/health","query":"","latency":0.000020083,"ip":"192.168.1.107","trace_id":"1a152f1a-1e3c-44ef-814b-d0797cbababd"}
{"level":"INFO","time":"2026-04-14T18:11:45.405+0700","caller":"middlewares/logger.go:48","msg":"Request","status":200,"method":"GET","path":"/health","query":"","latency":0.000024667,"ip":"192.168.1.107","trace_id":"eae0c0e3-4ef1-4bee-a38d-4a320c97e185"}
{"level":"INFO","time":"2026-04-14T18:11:45.557+0700","caller":"middlewares/logger.go:48","msg":"Request","status":200,"method":"GET","path":"/health","query":"","latency":0.000031041,"ip":"192.168.1.107","trace_id":"ed91a3ce-21d3-43ba-a801-04d5bcb04dbc"}
{"level":"INFO","time":"2026-04-14T18:11:45.705+0700","caller":"middlewares/logger.go:48","msg":"Request","status":200,"method":"GET","path":"/health","query":"","latency":0.000026,"ip":"192.168.1.107","trace_id":"b8cce940-8212-4543-88dc-f9326ca7d177"}
{"level":"INFO","time":"2026-04-14T18:11:45.873+0700","caller":"middlewares/logger.go:48","msg":"Request","status":200,"method":"GET","path":"/health","query":"","latency":0.000028042,"ip":"192.168.1.107","trace_id":"b4735523-ee12-4278-af02-22fd4695ce3e"}
{"level":"INFO","time":"2026-04-14T18:11:46.023+0700","caller":"middlewares/logger.go:48","msg":"Request","status":200,"method":"GET","path":"/health","query":"","latency":0.000027125,"ip":"192.168.1.107","trace_id":"1f1ca587-b00a-44e5-b37b-bd486da96c83"}
{"level":"INFO","time":"2026-04-14T18:11:46.171+0700","caller":"middlewares/logger.go:48","msg":"Request","status":200,"method":"GET","path":"/health","query":"","latency":0.000026208,"ip":"192.168.1.107","trace_id":"4708785a-b2b7-4e9d-a094-df984a5f206a"}
{"level":"INFO","time":"2026-04-14T18:11:46.310+0700","caller":"middlewares/logger.go:48","msg":"Request","status":200,"method":"GET","path":"/health","query":"","latency":0.0000275,"ip":"192.168.1.107","trace_id":"fb437392-ea6d-4f32-8c0d-2f46a2b64eef"}
{"level":"INFO","time":"2026-04-14T18:11:46.456+0700","caller":"middlewares/logger.go:48","msg":"Request","status":200,"method":"GET","path":"/health","query":"","latency":0.000027917,"ip":"192.168.1.107","trace_id":"46254c02-fc88-4910-bf82-f425ef65c1b1"}
{"level":"INFO","time":"2026-04-14T18:11:46.634+0700","caller":"middlewares/logger.go:48","msg":"Request","status":200,"method":"GET","path":"/health","query":"","latency":0.000025208,"ip":"192.168.1.107","trace_id":"a936e3f7-8ffb-404d-9391-424a125be156"}
{"level":"INFO","time":"2026-04-14T18:11:46.758+0700","caller":"middlewares/logger.go:48","msg":"Request","status":200,"method":"GET","path":"/health","query":"","latency":0.000023666,"ip":"192.168.1.107","trace_id":"0a291cdf-66cc-4020-ae78-0fbc69a8e157"}
{"level":"INFO","time":"2026-04-14T18:11:46.923+0700","caller":"middlewares/logger.go:48","msg":"Request","status":200,"method":"GET","path":"/health","query":"","latency":0.000028042,"ip":"192.168.1.107","trace_id":"a4f112e2-fd61-410e-900c-b3be70af2364"}
{"level":"INFO","time":"2026-04-14T18:11:46.994+0700","caller":"middlewares/logger.go:48","msg":"Request","status":200,"method":"GET","path":"/health","query":"","latency":0.00002225,"ip":"192.168.1.107","trace_id":"b7bd3d73-9faa-48b4-b01a-80d2aec7d565"}
{"level":"INFO","time":"2026-04-14T18:11:47.178+0700","caller":"middlewares/logger.go:48","msg":"Request","status":200,"method":"GET","path":"/health","query":"","latency":0.000026,"ip":"192.168.1.107","trace_id":"efe976d5-3a40-4d6c-9969-c0baf7b91841"}
{"level":"INFO","time":"2026-04-14T18:12:01.340+0700","caller":"middlewares/logger.go:48","msg":"Request","status":200,"method":"GET","path":"/api/v1/devices","query":"","latency":0.021498084,"ip":"192.168.1.107","trace_id":"26ceeea1-0081-4a63-9b5b-c805a6558821"}
{"level":"INFO","time":"2026-04-14T18:39:51.052+0700","caller":"initialize/logger.go:12","msg":"Logger initialised successfully"}
{"level":"INFO","time":"2026-04-14T18:39:51.062+0700","caller":"initialize/postgres.go:50","msg":"PostgreSQL connected successfully","host":"localhost","port":5432,"db":"inventory_db"}
{"level":"WARN","time":"2026-04-14T18:39:53.165+0700","caller":"initialize/redis.go:46","msg":"Redis connection failed, retrying...","attempt":1,"backoff":1,"error":"dial tcp 127.0.0.1:6379: connect: connection refused"}
{"level":"WARN","time":"2026-04-14T18:39:56.278+0700","caller":"initialize/redis.go:46","msg":"Redis connection failed, retrying...","attempt":2,"backoff":4,"error":"dial tcp 127.0.0.1:6379: connect: connection refused"}
{"level":"WARN","time":"2026-04-14T18:40:01.411+0700","caller":"initialize/redis.go:46","msg":"Redis connection failed, retrying...","attempt":3,"backoff":9,"error":"dial tcp 127.0.0.1:6379: connect: connection refused"}
{"level":"WARN","time":"2026-04-14T18:40:10.412+0700","caller":"initialize/redis.go:55","msg":"⚠️  Redis unavailable — service starting in DEGRADED mode (caching disabled)","addr":"localhost:6379"}
{"level":"INFO","time":"2026-04-14T18:40:10.415+0700","caller":"initialize/mqtt.go:40","msg":"MQTT broker connected","broker":"localhost:1883","client_id":"inventory-manage-dev"}
{"level":"INFO","time":"2026-04-14T18:40:10.416+0700","caller":"worker/telemetry_receiver.go:55","msg":"Starting telemetry receiver subscription","topic":"application/+/device/+/event/up"}
{"level":"INFO","time":"2026-04-14T18:40:10.416+0700","caller":"initialize/run.go:76","msg":"Telemetry pipeline workers started"}
{"level":"INFO","time":"2026-04-14T18:40:10.416+0700","caller":"initialize/run.go:70","msg":"Starting storage worker"}
{"level":"INFO","time":"2026-04-14T18:40:10.417+0700","caller":"initialize/run.go:37","msg":"Inventory Manage service started successfully","port":8080,"mode":"dev"}
{"level":"WARN","time":"2026-04-14T18:40:14.126+0700","caller":"middlewares/logger.go:46","msg":"Client error","status":404,"method":"GET","path":"/api/v1","query":"","latency":0.000000334,"ip":"192.168.1.107","trace_id":"09a406ea-630b-4048-9c2f-95cef7d672b5"}
{"level":"WARN","time":"2026-04-14T18:40:26.134+0700","caller":"middlewares/logger.go:46","msg":"Client error","status":404,"method":"GET","path":"/api","query":"","latency":0.000000125,"ip":"192.168.1.107","trace_id":"f1b5f4d7-bc43-4bce-b780-3108f84c437d"}
{"level":"WARN","time":"2026-04-14T18:40:59.176+0700","caller":"middlewares/logger.go:46","msg":"Client error","status":404,"method":"GET","path":"/swagger/","query":"","latency":0.000141375,"ip":"192.168.1.107","trace_id":"bc5019ca-8d8f-40a2-b9c1-d7d01627a4b0"}
{"level":"INFO","time":"2026-04-14T18:41:42.393+0700","caller":"middlewares/logger.go:48","msg":"Request","status":200,"method":"GET","path":"/swagger/index.html","query":"","latency":0.000916,"ip":"192.168.1.107","trace_id":"6c13a1c9-c2b5-4c61-9dd9-f4a56fe4e006"}
{"level":"INFO","time":"2026-04-14T18:41:42.427+0700","caller":"middlewares/logger.go:48","msg":"Request","status":200,"method":"GET","path":"/swagger/swagger-ui.css","query":"","latency":0.006054458,"ip":"192.168.1.107","trace_id":"d4c290a5-8d61-4c08-a27d-53b35a2fa5ef"}
{"level":"INFO","time":"2026-04-14T18:41:42.427+0700","caller":"middlewares/logger.go:48","msg":"Request","status":200,"method":"GET","path":"/swagger/index.css","query":"","latency":0.000012208,"ip":"192.168.1.107","trace_id":"2056f06d-a568-4cf0-96eb-3482da9ecb5b"}
{"level":"INFO","time":"2026-04-14T18:41:42.428+0700","caller":"middlewares/logger.go:48","msg":"Request","status":200,"method":"GET","path":"/swagger/swagger-initializer.js","query":"","latency":0.000038625,"ip":"192.168.1.107","trace_id":"208bddf6-83e3-4cc5-bc15-c944d47432f3"}
{"level":"INFO","time":"2026-04-14T18:41:42.473+0700","caller":"middlewares/logger.go:48","msg":"Request","status":200,"method":"GET","path":"/swagger/swagger-ui-standalone-preset.js","query":"","latency":0.045906792,"ip":"192.168.1.107","trace_id":"7b4556c9-45d8-41d8-a747-ecb3fa15788d"}
{"level":"INFO","time":"2026-04-14T18:41:42.515+0700","caller":"middlewares/logger.go:48","msg":"Request","status":200,"method":"GET","path":"/swagger/swagger-ui-bundle.js","query":"","latency":0.087065209,"ip":"192.168.1.107","trace_id":"0cff962f-d9c5-4378-895d-b9f80e6addd9"}
{"level":"INFO","time":"2026-04-14T18:41:42.658+0700","caller":"middlewares/logger.go:48","msg":"Request","status":200,"method":"GET","path":"/swagger/doc.json","query":"","latency":0.000617292,"ip":"192.168.1.107","trace_id":"b0524c10-4738-469c-b7d2-c4048317d857"}
{"level":"INFO","time":"2026-04-14T18:41:42.665+0700","caller":"middlewares/logger.go:48","msg":"Request","status":200,"method":"GET","path":"/swagger/favicon-32x32.png","query":"","latency":0.000063625,"ip":"192.168.1.107","trace_id":"afd8a5eb-eedf-44f7-bf0e-e33bd5bacb68"}
{"level":"INFO","time":"2026-04-14T19:36:13.405+0700","caller":"initialize/logger.go:12","msg":"Logger initialised successfully"}
{"level":"INFO","time":"2026-04-14T19:36:13.418+0700","caller":"initialize/postgres.go:50","msg":"PostgreSQL connected successfully","host":"localhost","port":5432,"db":"inventory_db"}
{"level":"WARN","time":"2026-04-14T19:36:15.526+0700","caller":"initialize/redis.go:46","msg":"Redis connection failed, retrying...","attempt":1,"backoff":1,"error":"dial tcp 127.0.0.1:6379: connect: connection refused"}
{"level":"WARN","time":"2026-04-14T19:36:18.639+0700","caller":"initialize/redis.go:46","msg":"Redis connection failed, retrying...","attempt":2,"backoff":4,"error":"dial tcp 127.0.0.1:6379: connect: connection refused"}
{"level":"WARN","time":"2026-04-14T19:36:23.772+0700","caller":"initialize/redis.go:46","msg":"Redis connection failed, retrying...","attempt":3,"backoff":9,"error":"dial tcp 127.0.0.1:6379: connect: connection refused"}
{"level":"WARN","time":"2026-04-14T19:36:32.773+0700","caller":"initialize/redis.go:55","msg":"⚠️  Redis unavailable — service starting in DEGRADED mode (caching disabled)","addr":"localhost:6379"}
{"level":"INFO","time":"2026-04-14T19:36:32.776+0700","caller":"initialize/mqtt.go:40","msg":"MQTT broker connected","broker":"localhost:1883","client_id":"inventory-manage-dev"}
{"level":"INFO","time":"2026-04-14T19:36:32.776+0700","caller":"worker/telemetry_receiver.go:55","msg":"Starting telemetry receiver subscription","topic":"application/+/device/+/event/up"}
{"level":"INFO","time":"2026-04-14T19:36:32.777+0700","caller":"initialize/run.go:76","msg":"Telemetry pipeline workers started"}
{"level":"INFO","time":"2026-04-14T19:36:32.777+0700","caller":"initialize/run.go:70","msg":"Starting storage worker"}
{"level":"INFO","time":"2026-04-14T19:36:32.778+0700","caller":"initialize/run.go:37","msg":"Inventory Manage service started successfully","port":8080,"mode":"dev"}
{"level":"INFO","time":"2026-04-14T19:36:33.275+0700","caller":"middlewares/logger.go:48","msg":"Request","status":200,"method":"GET","path":"/swagger/index.html","query":"","latency":0.000974375,"ip":"192.168.1.107","trace_id":"72835e8f-e25d-4cb8-8f34-41f091066649"}
{"level":"INFO","time":"2026-04-14T19:36:33.312+0700","caller":"middlewares/logger.go:48","msg":"Request","status":200,"method":"GET","path":"/swagger/swagger-ui.css","query":"","latency":0.006457833,"ip":"192.168.1.107","trace_id":"1b4a871f-feeb-43d8-a8be-5d6c1fc5d8b9"}
{"level":"INFO","time":"2026-04-14T19:36:33.312+0700","caller":"middlewares/logger.go:48","msg":"Request","status":200,"method":"GET","path":"/swagger/index.css","query":"","latency":0.000015416,"ip":"192.168.1.107","trace_id":"f2b190cd-a55e-4cbd-a4de-a2f86284aec2"}
{"level":"INFO","time":"2026-04-14T19:36:33.313+0700","caller":"middlewares/logger.go:48","msg":"Request","status":200,"method":"GET","path":"/swagger/swagger-initializer.js","query":"","latency":0.000048667,"ip":"192.168.1.107","trace_id":"5fefd257-6f20-412d-90e0-b08a35b7a45a"}
{"level":"INFO","time":"2026-04-14T19:36:33.446+0700","caller":"middlewares/logger.go:48","msg":"Request","status":200,"method":"GET","path":"/swagger/swagger-ui-standalone-preset.js","query":"","latency":0.133768125,"ip":"192.168.1.107","trace_id":"ea0136f2-c3b8-4d57-9238-85f184a32054"}
{"level":"INFO","time":"2026-04-14T19:36:33.637+0700","caller":"middlewares/logger.go:48","msg":"Request","status":200,"method":"GET","path":"/swagger/swagger-ui-bundle.js","query":"","latency":0.325009958,"ip":"192.168.1.107","trace_id":"3215ce85-63fa-446d-b769-7a3a086601ea"}
{"level":"INFO","time":"2026-04-14T19:36:33.876+0700","caller":"middlewares/logger.go:48","msg":"Request","status":200,"method":"GET","path":"/swagger/doc.json","query":"","latency":0.000216875,"ip":"192.168.1.107","trace_id":"3b6dfdb8-9b7e-476c-bb03-fb32d5816ff8"}
{"level":"INFO","time":"2026-04-14T19:36:33.896+0700","caller":"middlewares/logger.go:48","msg":"Request","status":200,"method":"GET","path":"/swagger/favicon-32x32.png","query":"","latency":0.000025167,"ip":"192.168.1.107","trace_id":"720fb935-4dd6-4714-b7e8-1d59ce07f194"}
{"level":"INFO","time":"2026-04-14T20:08:08.670+0700","caller":"initialize/logger.go:12","msg":"Logger initialised successfully"}
{"level":"INFO","time":"2026-04-14T20:08:08.679+0700","caller":"initialize/postgres.go:50","msg":"PostgreSQL connected successfully","host":"localhost","port":5432,"db":"inventory_db"}
{"level":"INFO","time":"2026-04-14T20:08:08.682+0700","caller":"initialize/redis.go:38","msg":"Redis connected successfully","addr":"localhost:6379","db":0}
{"level":"INFO","time":"2026-04-14T20:08:08.684+0700","caller":"initialize/mqtt.go:40","msg":"MQTT broker connected","broker":"localhost:1883","client_id":"inventory-manage-dev"}
{"level":"INFO","time":"2026-04-14T20:08:08.684+0700","caller":"worker/telemetry_receiver.go:55","msg":"Starting telemetry receiver subscription","topic":"application/+/device/+/event/up"}
{"level":"INFO","time":"2026-04-14T20:08:08.685+0700","caller":"initialize/run.go:76","msg":"Telemetry pipeline workers started"}
{"level":"INFO","time":"2026-04-14T20:08:08.685+0700","caller":"initialize/run.go:70","msg":"Starting storage worker"}
{"level":"INFO","time":"2026-04-14T20:08:08.685+0700","caller":"initialize/run.go:37","msg":"Inventory Manage service started successfully","port":8080,"mode":"dev"}
{"level":"INFO","time":"2026-04-14T20:08:13.381+0700","caller":"middlewares/logger.go:48","msg":"Request","status":200,"method":"GET","path":"/swagger/index.html","query":"","latency":0.000942,"ip":"192.168.1.107","trace_id":"4985b9ae-0549-4fe3-924b-3aab3b2427aa"}
{"level":"INFO","time":"2026-04-14T20:08:13.407+0700","caller":"middlewares/logger.go:48","msg":"Request","status":200,"method":"GET","path":"/swagger/index.css","query":"","latency":0.000023709,"ip":"192.168.1.107","trace_id":"81e334ae-db8d-42af-95ae-adb12485d4ee"}
{"level":"INFO","time":"2026-04-14T20:08:13.420+0700","caller":"middlewares/logger.go:48","msg":"Request","status":200,"method":"GET","path":"/swagger/swagger-initializer.js","query":"","latency":0.000031542,"ip":"192.168.1.107","trace_id":"2d4183ab-74a5-4e64-865a-57fbf53c86a5"}
{"level":"INFO","time":"2026-04-14T20:08:13.471+0700","caller":"middlewares/logger.go:48","msg":"Request","status":200,"method":"GET","path":"/swagger/swagger-ui.css","query":"","latency":0.051578375,"ip":"192.168.1.107","trace_id":"b54e408a-27eb-412f-b520-f30dd54461d0"}
{"level":"INFO","time":"2026-04-14T20:08:15.069+0700","caller":"middlewares/logger.go:48","msg":"Request","status":200,"method":"GET","path":"/swagger/swagger-ui-standalone-preset.js","query":"","latency":1.648801541,"ip":"192.168.1.107","trace_id":"55054e40-2dfa-41df-999f-cca590aa429c"}
{"level":"INFO","time":"2026-04-14T20:08:16.180+0700","caller":"middlewares/logger.go:48","msg":"Request","status":200,"method":"GET","path":"/swagger/swagger-ui-bundle.js","query":"","latency":2.760338708,"ip":"192.168.1.107","trace_id":"d23eb7c7-8371-412c-abf3-bced4daacd9e"}
{"level":"INFO","time":"2026-04-14T20:08:16.438+0700","caller":"middlewares/logger.go:48","msg":"Request","status":200,"method":"GET","path":"/swagger/doc.json","query":"","latency":0.000722458,"ip":"192.168.1.107","trace_id":"7e2620e7-50a5-4181-865e-33cd8dd300ba"}
{"level":"INFO","time":"2026-04-14T20:08:16.451+0700","caller":"middlewares/logger.go:48","msg":"Request","status":200,"method":"GET","path":"/swagger/favicon-32x32.png","query":"","latency":0.000062209,"ip":"192.168.1.107","trace_id":"98b262b4-27ab-42f4-aa1f-6c541e5e8496"}
{"level":"INFO","time":"2026-04-14T20:08:21.978+0700","caller":"middlewares/logger.go:48","msg":"Request","status":200,"method":"GET","path":"/swagger/index.html","query":"","latency":0.000096125,"ip":"192.168.1.107","trace_id":"4032abca-05bb-4d05-99ca-c7ff3945deba"}
{"level":"INFO","time":"2026-04-14T20:08:22.101+0700","caller":"middlewares/logger.go:48","msg":"Request","status":200,"method":"GET","path":"/swagger/index.css","query":"","latency":0.000029833,"ip":"192.168.1.107","trace_id":"2ba4adcb-42b3-4fbf-acc6-d0a320c5d731"}
{"level":"INFO","time":"2026-04-14T20:08:22.103+0700","caller":"middlewares/logger.go:48","msg":"Request","status":200,"method":"GET","path":"/swagger/swagger-initializer.js","query":"","latency":0.000043375,"ip":"192.168.1.107","trace_id":"ecc2742a-4901-48a1-84ef-386b46947508"}
{"level":"INFO","time":"2026-04-14T20:08:22.103+0700","caller":"middlewares/logger.go:48","msg":"Request","status":304,"method":"GET","path":"/swagger/swagger-ui-bundle.js","query":"","latency":0.000035125,"ip":"192.168.1.107","trace_id":"fcd919b8-83e2-4363-bfc7-00b62602c6e7"}
{"level":"INFO","time":"2026-04-14T20:08:22.103+0700","caller":"middlewares/logger.go:48","msg":"Request","status":304,"method":"GET","path":"/swagger/swagger-ui-standalone-preset.js","query":"","latency":0.000033792,"ip":"192.168.1.107","trace_id":"e91c7b1b-47cd-4c18-9d62-298b1318339e"}
{"level":"INFO","time":"2026-04-14T20:08:22.103+0700","caller":"middlewares/logger.go:48","msg":"Request","status":304,"method":"GET","path":"/swagger/swagger-ui.css","query":"","latency":0.000051792,"ip":"192.168.1.107","trace_id":"77d446e1-a347-4493-a40d-0b940a70e9c3"}
{"level":"INFO","time":"2026-04-14T20:08:22.161+0700","caller":"middlewares/logger.go:48","msg":"Request","status":304,"method":"GET","path":"/swagger/favicon-32x32.png","query":"","latency":0.000038209,"ip":"192.168.1.107","trace_id":"c7bbae86-e810-4e88-a725-4a46ee1c63b8"}
{"level":"INFO","time":"2026-04-14T20:08:22.162+0700","caller":"middlewares/logger.go:48","msg":"Request","status":200,"method":"GET","path":"/swagger/doc.json","query":"","latency":0.000498708,"ip":"192.168.1.107","trace_id":"72c23e80-a92c-4138-b409-87a3ab051d69"}
{"level":"INFO","time":"2026-04-14T20:10:30.053+0700","caller":"middlewares/logger.go:48","msg":"Request","status":200,"method":"GET","path":"/api/v1/devices/SCALE-001","query":"","latency":0.017944958,"ip":"::1","trace_id":"5448d633-9bdd-43ab-a0d5-8f19650d838d"}
{"level":"WARN","time":"2026-04-14T20:10:30.071+0700","caller":"middlewares/logger.go:46","msg":"Client error","status":404,"method":"GET","path":"/favicon.ico","query":"","latency":0.000000209,"ip":"::1","trace_id":"ed920033-d578-4f18-8604-82d16106f6ca"}
{"level":"INFO","time":"2026-04-14T20:12:37.241+0700","caller":"initialize/logger.go:12","msg":"Logger initialised successfully"}
{"level":"INFO","time":"2026-04-14T20:12:37.256+0700","caller":"initialize/postgres.go:50","msg":"PostgreSQL connected successfully","host":"localhost","port":5432,"db":"inventory_db"}
{"level":"INFO","time":"2026-04-14T20:12:37.259+0700","caller":"initialize/redis.go:38","msg":"Redis connected successfully","addr":"localhost:6379","db":0}
{"level":"INFO","time":"2026-04-14T20:12:37.262+0700","caller":"initialize/mqtt.go:40","msg":"MQTT broker connected","broker":"localhost:1883","client_id":"inventory-manage-dev"}
{"level":"INFO","time":"2026-04-14T20:12:37.262+0700","caller":"worker/telemetry_receiver.go:55","msg":"Starting telemetry receiver subscription","topic":"application/+/device/+/event/up"}
{"level":"INFO","time":"2026-04-14T20:12:37.263+0700","caller":"initialize/run.go:76","msg":"Telemetry pipeline workers started"}
{"level":"INFO","time":"2026-04-14T20:12:37.263+0700","caller":"initialize/run.go:70","msg":"Starting storage worker"}
{"level":"INFO","time":"2026-04-14T20:12:37.263+0700","caller":"initialize/run.go:37","msg":"Inventory Manage service started successfully","port":8080,"mode":"dev"}
{"level":"INFO","time":"2026-04-14T20:12:41.136+0700","caller":"middlewares/logger.go:48","msg":"Request","status":200,"method":"GET","path":"/api/v1/devices/SCALE-001","query":"","latency":0.014862416,"ip":"::1","trace_id":"872c0e66-1700-4b79-99bb-c3a35a3f059a"}
{"level":"INFO","time":"2026-04-14T20:12:47.062+0700","caller":"middlewares/logger.go:48","msg":"Request","status":200,"method":"GET","path":"/health","query":"","latency":0.000024709,"ip":"::1","trace_id":"a2980e01-1fd8-4dd0-a63d-c8c5408caf62"}
{"level":"WARN","time":"2026-04-14T20:13:53.229+0700","caller":"middlewares/logger.go:46","msg":"Client error","status":404,"method":"GET","path":"/ping","query":"","latency":0.000000167,"ip":"::1","trace_id":"2458a5de-0b12-4360-a59d-b3ff422cd4f1"}
{"level":"INFO","time":"2026-04-14T20:16:52.413+0700","caller":"middlewares/logger.go:48","msg":"Request","status":200,"method":"GET","path":"/health","query":"","latency":0.0000175,"ip":"::1","trace_id":"e7081a07-3bde-491f-81a5-671a3f1ecfd1"}
{"level":"WARN","time":"2026-04-14T20:17:10.729+0700","caller":"middlewares/logger.go:46","msg":"Client error","status":404,"method":"GET","path":"/api/v1/calibrations","query":"","latency":0.000000167,"ip":"::1","trace_id":"ba03beaa-98e1-4176-942c-94029efbe38f"}
{"level":"INFO","time":"2026-04-14T20:17:17.101+0700","caller":"middlewares/logger.go:48","msg":"Request","status":200,"method":"GET","path":"/api/v1/devices/SCALE-001","query":"","latency":0.002379458,"ip":"::1","trace_id":"350a9076-6a9b-4e1c-880c-95ea5bf81475"}
{"level":"INFO","time":"2026-04-14T20:17:21.847+0700","caller":"middlewares/logger.go:48","msg":"Request","status":200,"method":"GET","path":"/api/v1/devices","query":"","latency":0.003600542,"ip":"::1","trace_id":"1ea81911-0cc1-4e83-a279-2c276b9398c6"}
{"level":"INFO","time":"2026-04-14T20:18:03.408+0700","caller":"middlewares/logger.go:48","msg":"Request","status":200,"method":"GET","path":"/api/v1/devices","query":"","latency":0.016106041,"ip":"192.168.1.107","trace_id":"65e2d5fa-3329-4c61-9bca-a8682785099e"}
{"level":"INFO","time":"2026-04-14T20:18:19.134+0700","caller":"middlewares/logger.go:48","msg":"Request","status":200,"method":"GET","path":"/health","query":"","latency":0.000021292,"ip":"192.168.1.101","trace_id":"0565eb7b-2aed-498c-b63b-d431f951cc9f"}
{"level":"WARN","time":"2026-04-14T20:18:19.152+0700","caller":"middlewares/logger.go:46","msg":"Client error","status":404,"method":"GET","path":"/favicon.ico","query":"","latency":0.000000083,"ip":"192.168.1.101","trace_id":"ac4bf995-657b-4263-a5c3-edc48f8c622e"}
{"level":"INFO","time":"2026-04-14T20:34:38.701+0700","caller":"initialize/logger.go:12","msg":"Logger initialised successfully"}
{"level":"INFO","time":"2026-04-14T20:34:38.711+0700","caller":"initialize/postgres.go:50","msg":"PostgreSQL connected successfully","host":"localhost","port":5432,"db":"inventory_db"}
{"level":"INFO","time":"2026-04-14T20:34:38.713+0700","caller":"initialize/redis.go:38","msg":"Redis connected successfully","addr":"localhost:6379","db":0}
{"level":"INFO","time":"2026-04-14T20:34:38.714+0700","caller":"initialize/mqtt.go:40","msg":"MQTT broker connected","broker":"localhost:1883","client_id":"inventory-manage-dev"}
{"level":"INFO","time":"2026-04-14T20:34:38.714+0700","caller":"worker/telemetry_receiver.go:55","msg":"Starting telemetry receiver subscription","topic":"application/+/device/+/event/up"}
{"level":"INFO","time":"2026-04-14T20:34:38.715+0700","caller":"initialize/run.go:76","msg":"Telemetry pipeline workers started"}
{"level":"INFO","time":"2026-04-14T20:34:38.715+0700","caller":"initialize/run.go:70","msg":"Starting storage worker"}
{"level":"INFO","time":"2026-04-14T20:34:38.715+0700","caller":"initialize/run.go:37","msg":"Inventory Manage service started successfully","port":8080,"mode":"dev"}
{"level":"INFO","time":"2026-04-14T20:34:41.032+0700","caller":"middlewares/logger.go:48","msg":"Request","status":200,"method":"GET","path":"/health","query":"","latency":0.000032709,"ip":"192.168.1.101","trace_id":"0d6a2005-7c83-42fe-9a87-af85ec4b2606"}
{"level":"INFO","time":"2026-04-14T20:34:41.711+0700","caller":"middlewares/logger.go:48","msg":"Request","status":200,"method":"GET","path":"/health","query":"","latency":0.000068791,"ip":"192.168.1.101","trace_id":"3790e8c1-b182-4aad-bfb2-4e45592b8292"}
{"level":"INFO","time":"2026-04-14T20:34:42.367+0700","caller":"middlewares/logger.go:48","msg":"Request","status":200,"method":"GET","path":"/health","query":"","latency":0.000026834,"ip":"192.168.1.101","trace_id":"864cbb32-79a4-4a7f-9e6a-0500f4b0c129"}
{"level":"INFO","time":"2026-04-14T20:34:42.750+0700","caller":"middlewares/logger.go:48","msg":"Request","status":200,"method":"GET","path":"/health","query":"","latency":0.000029209,"ip":"192.168.1.101","trace_id":"35fd6795-ccff-436f-ae60-d24eb15d7ca1"}
{"level":"INFO","time":"2026-04-14T20:34:42.917+0700","caller":"middlewares/logger.go:48","msg":"Request","status":200,"method":"GET","path":"/health","query":"","latency":0.000026041,"ip":"192.168.1.101","trace_id":"70f25f38-4940-49c3-8701-bc42adbaea35"}
{"level":"INFO","time":"2026-04-14T20:35:17.216+0700","caller":"middlewares/logger.go:48","msg":"Request","status":200,"method":"GET","path":"/swagger/index.html","query":"","latency":0.000589625,"ip":"192.168.1.107","trace_id":"372253fb-29c4-4bc0-b5b6-5de3acf47ae3"}
{"level":"INFO","time":"2026-04-14T20:35:17.248+0700","caller":"middlewares/logger.go:48","msg":"Request","status":200,"method":"GET","path":"/swagger/index.css","query":"","latency":0.000023875,"ip":"192.168.1.107","trace_id":"d39dca93-b254-45aa-a807-8f778d5ea831"}
{"level":"INFO","time":"2026-04-14T20:35:17.255+0700","caller":"middlewares/logger.go:48","msg":"Request","status":200,"method":"GET","path":"/swagger/swagger-initializer.js","query":"","latency":0.00007025,"ip":"192.168.1.107","trace_id":"7d36746b-1cee-4164-960a-045f652eab53"}
{"level":"INFO","time":"2026-04-14T20:35:17.279+0700","caller":"middlewares/logger.go:48","msg":"Request","status":200,"method":"GET","path":"/swagger/swagger-ui.css","query":"","latency":0.024437958,"ip":"192.168.1.107","trace_id":"cfab467d-0526-4e68-9479-3a54cad7ae49"}
{"level":"INFO","time":"2026-04-14T20:35:17.321+0700","caller":"middlewares/logger.go:48","msg":"Request","status":200,"method":"GET","path":"/swagger/swagger-ui-standalone-preset.js","query":"","latency":0.065344041,"ip":"192.168.1.107","trace_id":"360d3aff-4dd3-4e44-b449-fd8f479f5acb"}
{"level":"INFO","time":"2026-04-14T20:35:17.413+0700","caller":"middlewares/logger.go:48","msg":"Request","status":200,"method":"GET","path":"/swagger/swagger-ui-bundle.js","query":"","latency":0.157538416,"ip":"192.168.1.107","trace_id":"683152a5-5d6c-4960-bbd7-7c92ea2d7d79"}
{"level":"INFO","time":"2026-04-14T20:35:17.643+0700","caller":"middlewares/logger.go:48","msg":"Request","status":200,"method":"GET","path":"/swagger/doc.json","query":"","latency":0.000509375,"ip":"192.168.1.107","trace_id":"cf149b8d-e3af-4a97-92a0-342cb93e94ac"}
{"level":"INFO","time":"2026-04-14T20:44:34.750+0700","caller":"initialize/logger.go:12","msg":"Logger initialised successfully"}
{"level":"INFO","time":"2026-04-14T20:44:34.766+0700","caller":"initialize/postgres.go:50","msg":"PostgreSQL connected successfully","host":"localhost","port":5432,"db":"inventory_db"}
{"level":"INFO","time":"2026-04-14T20:44:34.770+0700","caller":"initialize/redis.go:38","msg":"Redis connected successfully","addr":"localhost:6379","db":0}
{"level":"INFO","time":"2026-04-14T20:44:34.772+0700","caller":"initialize/mqtt.go:40","msg":"MQTT broker connected","broker":"localhost:1883","client_id":"inventory-manage-dev"}
{"level":"INFO","time":"2026-04-14T20:44:34.772+0700","caller":"worker/telemetry_receiver.go:55","msg":"Starting telemetry receiver subscription","topic":"application/+/device/+/event/up"}
{"level":"INFO","time":"2026-04-14T20:44:34.773+0700","caller":"initialize/run.go:76","msg":"Telemetry pipeline workers started"}
{"level":"INFO","time":"2026-04-14T20:44:34.773+0700","caller":"initialize/run.go:37","msg":"Inventory Manage service started successfully","port":8080,"mode":"dev"}
{"level":"INFO","time":"2026-04-14T20:44:34.773+0700","caller":"initialize/run.go:70","msg":"Starting storage worker"}
{"level":"INFO","time":"2026-04-14T20:45:47.096+0700","caller":"initialize/logger.go:12","msg":"Logger initialised successfully"}
{"level":"INFO","time":"2026-04-14T20:45:47.105+0700","caller":"initialize/postgres.go:50","msg":"PostgreSQL connected successfully","host":"localhost","port":5432,"db":"inventory_db"}
{"level":"INFO","time":"2026-04-14T20:45:47.107+0700","caller":"initialize/redis.go:38","msg":"Redis connected successfully","addr":"localhost:6379","db":0}
{"level":"INFO","time":"2026-04-14T20:45:47.109+0700","caller":"initialize/mqtt.go:40","msg":"MQTT broker connected","broker":"localhost:1883","client_id":"inventory-manage-dev"}
{"level":"INFO","time":"2026-04-14T20:45:47.109+0700","caller":"worker/telemetry_receiver.go:55","msg":"Starting telemetry receiver subscription","topic":"application/+/device/+/event/up"}
{"level":"INFO","time":"2026-04-14T20:45:47.109+0700","caller":"initialize/run.go:76","msg":"Telemetry pipeline workers started"}
{"level":"INFO","time":"2026-04-14T20:45:47.109+0700","caller":"initialize/run.go:70","msg":"Starting storage worker"}
{"level":"INFO","time":"2026-04-14T20:45:47.109+0700","caller":"initialize/run.go:37","msg":"Inventory Manage service started successfully","port":8080,"mode":"dev"}
{"level":"INFO","time":"2026-04-14T20:46:03.863+0700","caller":"middlewares/logger.go:48","msg":"Request","status":200,"method":"GET","path":"/health","query":"","latency":0.000285084,"ip":"192.168.1.101","trace_id":"aebd7519-d6d7-4c34-9736-c28716843087"}
{"level":"INFO","time":"2026-04-14T20:46:17.096+0700","caller":"middlewares/logger.go:48","msg":"Request","status":200,"method":"GET","path":"/swagger/index.html","query":"","latency":0.001303167,"ip":"192.168.1.101","trace_id":"dc437197-e89b-4339-9d8d-ce595ee4a9fb"}
{"level":"INFO","time":"2026-04-14T20:46:17.108+0700","caller":"middlewares/logger.go:48","msg":"Request","status":200,"method":"GET","path":"/swagger/index.css","query":"","latency":0.000018125,"ip":"192.168.1.101","trace_id":"d3b38f00-5803-49a3-bb9c-3569d3ccde17"}
{"level":"INFO","time":"2026-04-14T20:46:17.108+0700","caller":"middlewares/logger.go:48","msg":"Request","status":200,"method":"GET","path":"/swagger/swagger-ui.css","query":"","latency":0.000417416,"ip":"192.168.1.101","trace_id":"65a7be86-e4ee-4b81-b354-871148be6cf9"}
{"level":"INFO","time":"2026-04-14T20:46:17.109+0700","caller":"middlewares/logger.go:48","msg":"Request","status":200,"method":"GET","path":"/swagger/swagger-initializer.js","query":"","latency":0.000024667,"ip":"192.168.1.101","trace_id":"8aaa6d38-00b5-434a-9947-536dc29ad69f"}
{"level":"INFO","time":"2026-04-14T20:46:17.109+0700","caller":"middlewares/logger.go:48","msg":"Request","status":200,"method":"GET","path":"/swagger/swagger-ui-standalone-preset.js","query":"","latency":0.000176166,"ip":"192.168.1.101","trace_id":"d210bf11-bc6c-472a-a494-14e39d39f1eb"}
{"level":"INFO","time":"2026-04-14T20:46:17.111+0700","caller":"middlewares/logger.go:48","msg":"Request","status":200,"method":"GET","path":"/swagger/swagger-ui-bundle.js","query":"","latency":0.002564,"ip":"192.168.1.101","trace_id":"fbda2dd8-77dd-47f9-a15f-31b8355be827"}
{"level":"INFO","time":"2026-04-14T20:46:17.180+0700","caller":"middlewares/logger.go:48","msg":"Request","status":200,"method":"GET","path":"/swagger/doc.json","query":"","latency":0.000158708,"ip":"192.168.1.101","trace_id":"775d3d14-042f-47ec-bc36-59708df76887"}
{"level":"INFO","time":"2026-04-14T20:46:17.189+0700","caller":"middlewares/logger.go:48","msg":"Request","status":200,"method":"GET","path":"/swagger/favicon-32x32.png","query":"","latency":0.000052333,"ip":"192.168.1.101","trace_id":"ee217aab-8c94-45b1-9445-e18d248701a7"}
{"level":"WARN","time":"2026-04-14T20:47:23.471+0700","caller":"middlewares/logger.go:46","msg":"Client error","status":404,"method":"GET","path":"/ping","query":"","latency":0.000000125,"ip":"192.168.1.101","trace_id":"136bcfaa-1163-416a-8ea5-16eb6bab1d00"}
{"level":"WARN","time":"2026-04-14T20:47:30.512+0700","caller":"middlewares/logger.go:46","msg":"Client error","status":404,"method":"GET","path":"/ping","query":"","latency":0.000000125,"ip":"192.168.1.101","trace_id":"350690d9-e5e5-4cc4-be1f-d751522cbb92"}
{"level":"WARN","time":"2026-04-14T20:47:30.920+0700","caller":"middlewares/logger.go:46","msg":"Client error","status":404,"method":"GET","path":"/ping","query":"","latency":0.000000083,"ip":"192.168.1.101","trace_id":"cffded6d-a6fb-4524-9baa-5ce630f00905"}
{"level":"WARN","time":"2026-04-14T20:47:31.096+0700","caller":"middlewares/logger.go:46","msg":"Client error","status":404,"method":"GET","path":"/ping","query":"","latency":0.000000375,"ip":"192.168.1.101","trace_id":"795e2d8f-1ce1-462e-9353-06d54bba7649"}
{"level":"INFO","time":"2026-04-14T20:47:46.112+0700","caller":"middlewares/logger.go:48","msg":"Request","status":200,"method":"GET","path":"/api/v1/devices/SCALE-001","query":"","latency":0.011938708,"ip":"::1","trace_id":"6d3345e8-0c10-42f7-8121-47c224e35a2c"}
{"level":"INFO","time":"2026-04-14T20:47:52.336+0700","caller":"middlewares/logger.go:48","msg":"Request","status":200,"method":"GET","path":"/api/v1/devices/SCALE-001","query":"","latency":0.005688791,"ip":"::1","trace_id":"2eb89d3e-789a-409a-be12-2b4202db932d"}
{"level":"WARN","time":"2026-04-14T20:47:55.622+0700","caller":"middlewares/logger.go:46","msg":"Client error","status":404,"method":"GET","path":"/api/","query":"","latency":0.000000083,"ip":"::1","trace_id":"363f5651-4a2f-41da-9904-085ce5e2b6c7"}
{"level":"WARN","time":"2026-04-14T20:47:58.731+0700","caller":"middlewares/logger.go:46","msg":"Client error","status":404,"method":"GET","path":"/api/","query":"","latency":0.0000005,"ip":"::1","trace_id":"965f9722-112a-491e-9e5a-4564b4cc7c7b"}
{"level":"WARN","time":"2026-04-14T20:47:58.904+0700","caller":"middlewares/logger.go:46","msg":"Client error","status":404,"method":"GET","path":"/api/","query":"","latency":0.000000083,"ip":"::1","trace_id":"5f79db17-2f0e-4666-9aa4-c4c4ee351ce4"}
{"level":"WARN","time":"2026-04-14T20:47:59.081+0700","caller":"middlewares/logger.go:46","msg":"Client error","status":404,"method":"GET","path":"/api/","query":"","latency":0.000000584,"ip":"::1","trace_id":"c931ea9b-0e17-4c23-98e1-41a8c02f6fb0"}
{"level":"WARN","time":"2026-04-14T20:47:59.241+0700","caller":"middlewares/logger.go:46","msg":"Client error","status":404,"method":"GET","path":"/api/","query":"","latency":0.000001208,"ip":"::1","trace_id":"6f4dddd9-9937-421f-838b-f1bcfd7baae8"}
{"level":"WARN","time":"2026-04-14T20:48:18.088+0700","caller":"middlewares/logger.go:46","msg":"Client error","status":404,"method":"GET","path":"/api/devices","query":"","latency":0.000000084,"ip":"::1","trace_id":"9bb9da9d-354e-450a-a047-2e9c69d0bc18"}
{"level":"INFO","time":"2026-04-14T20:48:26.069+0700","caller":"middlewares/logger.go:48","msg":"Request","status":200,"method":"GET","path":"/api/v1/devices","query":"","latency":0.004246625,"ip":"::1","trace_id":"730d367c-fb22-400f-9908-2d50f92ab56c"}
{"level":"INFO","time":"2026-04-14T20:48:36.412+0700","caller":"middlewares/logger.go:48","msg":"Request","status":200,"method":"GET","path":"/swagger/index.html","query":"","latency":0.000453417,"ip":"::1","trace_id":"825c8d3b-917b-4f08-8b2c-617b9eb2d9a1"}
{"level":"INFO","time":"2026-04-14T20:48:36.424+0700","caller":"middlewares/logger.go:48","msg":"Request","status":200,"method":"GET","path":"/swagger/index.css","query":"","latency":0.000038917,"ip":"::1","trace_id":"c62a883a-4b6b-4428-8231-6273087fed82"}
{"level":"INFO","time":"2026-04-14T20:48:36.424+0700","caller":"middlewares/logger.go:48","msg":"Request","status":200,"method":"GET","path":"/swagger/swagger-initializer.js","query":"","latency":0.00002175,"ip":"::1","trace_id":"15974608-72c8-48cf-b107-85287f6c5ee7"}
{"level":"INFO","time":"2026-04-14T20:48:36.424+0700","caller":"middlewares/logger.go:48","msg":"Request","status":200,"method":"GET","path":"/swagger/swagger-ui.css","query":"","latency":0.000115333,"ip":"::1","trace_id":"de02cd38-073a-4504-bc8b-3f0cda77f61c"}
{"level":"INFO","time":"2026-04-14T20:48:36.425+0700","caller":"middlewares/logger.go:48","msg":"Request","status":200,"method":"GET","path":"/swagger/swagger-ui-standalone-preset.js","query":"","latency":0.000316875,"ip":"::1","trace_id":"488ef0aa-ec94-410e-af58-594d9ca8a0b2"}
{"level":"INFO","time":"2026-04-14T20:48:36.427+0700","caller":"middlewares/logger.go:48","msg":"Request","status":200,"method":"GET","path":"/swagger/swagger-ui-bundle.js","query":"","latency":0.001983083,"ip":"::1","trace_id":"9ffee88e-48b6-4107-94ff-7242a5c8cb6c"}
{"level":"INFO","time":"2026-04-14T20:48:36.493+0700","caller":"middlewares/logger.go:48","msg":"Request","status":200,"method":"GET","path":"/swagger/doc.json","query":"","latency":0.0001175,"ip":"::1","trace_id":"f70b7393-b7b6-42b8-baa5-e4fa3fc4cf50"}
{"level":"INFO","time":"2026-04-14T20:49:10.041+0700","caller":"middlewares/logger.go:48","msg":"Request","status":200,"method":"GET","path":"/swagger/index.html","query":"","latency":0.000035041,"ip":"::1","trace_id":"9332cca2-066e-41dd-b7cb-98f22d9893a9"}
{"level":"INFO","time":"2026-04-14T20:49:10.050+0700","caller":"middlewares/logger.go:48","msg":"Request","status":200,"method":"GET","path":"/swagger/index.css","query":"","latency":0.000011333,"ip":"::1","trace_id":"69a4f0ee-a70d-448e-a046-0ec20078cbb2"}
{"level":"INFO","time":"2026-04-14T20:49:10.050+0700","caller":"middlewares/logger.go:48","msg":"Request","status":304,"method":"GET","path":"/swagger/swagger-ui.css","query":"","latency":0.00001525,"ip":"::1","trace_id":"40df9dc2-1977-47c4-b807-2c6cd6065b4e"}
{"level":"INFO","time":"2026-04-14T20:49:10.051+0700","caller":"middlewares/logger.go:48","msg":"Request","status":304,"method":"GET","path":"/swagger/swagger-ui-bundle.js","query":"","latency":0.000016084,"ip":"::1","trace_id":"f6cea491-0bb6-4e60-a753-8292b00de2b2"}
{"level":"INFO","time":"2026-04-14T20:49:10.051+0700","caller":"middlewares/logger.go:48","msg":"Request","status":304,"method":"GET","path":"/swagger/swagger-ui-standalone-preset.js","query":"","latency":0.000018,"ip":"::1","trace_id":"4054e5ff-09ed-436d-bdff-502b40ef4b95"}
{"level":"INFO","time":"2026-04-14T20:49:10.052+0700","caller":"middlewares/logger.go:48","msg":"Request","status":200,"method":"GET","path":"/swagger/swagger-initializer.js","query":"","latency":0.000046958,"ip":"::1","trace_id":"e9a16071-ee75-4dd8-a496-a760b6258f57"}
{"level":"INFO","time":"2026-04-14T20:49:10.084+0700","caller":"middlewares/logger.go:48","msg":"Request","status":200,"method":"GET","path":"/swagger/doc.json","query":"","latency":0.000716417,"ip":"::1","trace_id":"3d89c2cd-7ffa-494b-bbed-5a3468181812"}
{"level":"INFO","time":"2026-04-14T20:49:10.085+0700","caller":"middlewares/logger.go:48","msg":"Request","status":200,"method":"GET","path":"/swagger/favicon-32x32.png","query":"","latency":0.000016458,"ip":"::1","trace_id":"0d606be0-23ad-4114-90bc-c11d9f89c8d0"}
{"level":"INFO","time":"2026-04-14T20:49:10.570+0700","caller":"middlewares/logger.go:48","msg":"Request","status":200,"method":"GET","path":"/swagger/index.html","query":"","latency":0.000076584,"ip":"::1","trace_id":"ec6769ad-06d1-43f9-b305-e8c403392e94"}
{"level":"INFO","time":"2026-04-14T20:49:10.585+0700","caller":"middlewares/logger.go:48","msg":"Request","status":200,"method":"GET","path":"/swagger/swagger-initializer.js","query":"","latency":0.000036292,"ip":"::1","trace_id":"8159d8e3-581b-4b88-85cd-03e0f105705d"}
{"level":"INFO","time":"2026-04-14T20:49:10.585+0700","caller":"middlewares/logger.go:48","msg":"Request","status":200,"method":"GET","path":"/swagger/index.css","query":"","latency":0.00001575,"ip":"::1","trace_id":"f7d9c0d9-4538-48fd-96c0-681f20111e77"}
{"level":"INFO","time":"2026-04-14T20:49:10.605+0700","caller":"middlewares/logger.go:48","msg":"Request","status":200,"method":"GET","path":"/swagger/doc.json","query":"","latency":0.000127625,"ip":"::1","trace_id":"a3946e83-a5f5-475b-8d4b-46c147ae8810"}
{"level":"INFO","time":"2026-04-14T20:49:10.849+0700","caller":"middlewares/logger.go:48","msg":"Request","status":200,"method":"GET","path":"/swagger/index.html","query":"","latency":0.000113334,"ip":"::1","trace_id":"04aff6a9-f2f9-4e83-917a-c4b474994e2b"}
{"level":"INFO","time":"2026-04-14T20:49:10.862+0700","caller":"middlewares/logger.go:48","msg":"Request","status":200,"method":"GET","path":"/swagger/index.css","query":"","latency":0.000017583,"ip":"::1","trace_id":"033e8d44-9d0d-4003-aa16-9e3236fce257"}
{"level":"INFO","time":"2026-04-14T20:49:10.862+0700","caller":"middlewares/logger.go:48","msg":"Request","status":200,"method":"GET","path":"/swagger/swagger-initializer.js","query":"","latency":0.000028834,"ip":"::1","trace_id":"095ddae0-c02d-4b00-9fc6-38134aa39024"}
{"level":"INFO","time":"2026-04-14T20:49:10.881+0700","caller":"middlewares/logger.go:48","msg":"Request","status":200,"method":"GET","path":"/swagger/doc.json","query":"","latency":0.000139333,"ip":"::1","trace_id":"f1250a6d-597c-4756-b498-e88ed2e3b86a"}
{"level":"INFO","time":"2026-04-14T20:49:11.000+0700","caller":"middlewares/logger.go:48","msg":"Request","status":200,"method":"GET","path":"/swagger/index.html","query":"","latency":0.000045208,"ip":"::1","trace_id":"f0147f24-cc18-450f-899a-215e999e81b7"}
{"level":"INFO","time":"2026-04-14T20:49:11.007+0700","caller":"middlewares/logger.go:48","msg":"Request","status":200,"method":"GET","path":"/swagger/index.css","query":"","latency":0.000006125,"ip":"::1","trace_id":"5ac5bad8-7312-48ce-aa12-e33dc1484d06"}
{"level":"INFO","time":"2026-04-14T20:49:11.007+0700","caller":"middlewares/logger.go:48","msg":"Request","status":200,"method":"GET","path":"/swagger/swagger-initializer.js","query":"","latency":0.000024667,"ip":"::1","trace_id":"9dc19052-10b6-42f1-b485-19b8d3172670"}
{"level":"INFO","time":"2026-04-14T20:49:11.023+0700","caller":"middlewares/logger.go:48","msg":"Request","status":200,"method":"GET","path":"/swagger/doc.json","query":"","latency":0.00012125,"ip":"::1","trace_id":"ff5dd97a-6972-40af-94fa-9661911d61d2"}
{"level":"INFO","time":"2026-04-14T20:51:13.132+0700","caller":"initialize/logger.go:12","msg":"Logger initialised successfully"}
{"level":"INFO","time":"2026-04-14T20:51:13.138+0700","caller":"initialize/postgres.go:50","msg":"PostgreSQL connected successfully","host":"localhost","port":5432,"db":"inventory_db"}
{"level":"INFO","time":"2026-04-14T20:51:13.139+0700","caller":"initialize/redis.go:38","msg":"Redis connected successfully","addr":"localhost:6379","db":0}
{"level":"INFO","time":"2026-04-14T20:51:13.140+0700","caller":"initialize/mqtt.go:40","msg":"MQTT broker connected","broker":"localhost:1883","client_id":"inventory-manage-dev"}
{"level":"INFO","time":"2026-04-14T20:51:13.140+0700","caller":"worker/telemetry_receiver.go:55","msg":"Starting telemetry receiver subscription","topic":"application/+/device/+/event/up"}
{"level":"INFO","time":"2026-04-14T20:51:13.140+0700","caller":"initialize/run.go:76","msg":"Telemetry pipeline workers started"}
{"level":"INFO","time":"2026-04-14T20:51:13.140+0700","caller":"initialize/run.go:70","msg":"Starting storage worker"}
{"level":"INFO","time":"2026-04-14T20:51:13.141+0700","caller":"initialize/run.go:37","msg":"Inventory Manage service started successfully","port":8080,"mode":"dev"}
{"level":"INFO","time":"2026-04-14T20:51:29.777+0700","caller":"middlewares/logger.go:48","msg":"Request","status":200,"method":"GET","path":"/swagger/index.html","query":"","latency":0.000402708,"ip":"::1","trace_id":"38614a40-154e-4daf-a912-852a0f4128ac"}
{"level":"INFO","time":"2026-04-14T20:51:29.793+0700","caller":"middlewares/logger.go:48","msg":"Request","status":200,"method":"GET","path":"/swagger/index.css","query":"","latency":0.000030375,"ip":"::1","trace_id":"8c5af629-2fd1-428f-9379-0aac5699391d"}
{"level":"INFO","time":"2026-04-14T20:51:29.796+0700","caller":"middlewares/logger.go:48","msg":"Request","status":200,"method":"GET","path":"/swagger/swagger-ui-standalone-preset.js","query":"","latency":0.000375583,"ip":"::1","trace_id":"657587c5-0bd8-4e56-9dc5-bd482323d3f3"}
{"level":"INFO","time":"2026-04-14T20:51:29.796+0700","caller":"middlewares/logger.go:48","msg":"Request","status":200,"method":"GET","path":"/swagger/swagger-ui.css","query":"","latency":0.00057475,"ip":"::1","trace_id":"2fdf7174-5d0b-468c-9e47-04a00a6bb1f4"}
{"level":"INFO","time":"2026-04-14T20:51:29.796+0700","caller":"middlewares/logger.go:48","msg":"Request","status":200,"method":"GET","path":"/swagger/swagger-ui-bundle.js","query":"","latency":0.000783541,"ip":"::1","trace_id":"c07b636a-24ac-4179-9867-109aa769f62e"}
{"level":"INFO","time":"2026-04-14T20:51:29.797+0700","caller":"middlewares/logger.go:48","msg":"Request","status":200,"method":"GET","path":"/swagger/swagger-initializer.js","query":"","latency":0.000046625,"ip":"::1","trace_id":"96fe7856-db40-4b61-b8f5-9fbff26118b3"}
{"level":"INFO","time":"2026-04-14T20:51:29.866+0700","caller":"middlewares/logger.go:48","msg":"Request","status":200,"method":"GET","path":"/swagger/doc.json","query":"","latency":0.000157584,"ip":"::1","trace_id":"5fd39216-f237-462b-ab4f-4a16731eb2aa"}
{"level":"INFO","time":"2026-04-14T20:51:29.888+0700","caller":"middlewares/logger.go:48","msg":"Request","status":200,"method":"GET","path":"/swagger/favicon-32x32.png","query":"","latency":0.000053625,"ip":"::1","trace_id":"0d7fb506-e8ce-4403-a51c-1983d0cf1024"}
{"level":"INFO","time":"2026-04-14T20:52:43.364+0700","caller":"middlewares/logger.go:48","msg":"Request","status":200,"method":"GET","path":"/health","query":"","latency":0.000053708,"ip":"192.168.1.101","trace_id":"75e6509f-2f3e-4ab8-9c6d-6e7414401215"}
{"level":"INFO","time":"2026-04-14T21:23:10.717+0700","caller":"middlewares/logger.go:48","msg":"Request","status":200,"method":"GET","path":"/health","query":"","latency":0.000014875,"ip":"192.168.1.101","trace_id":"8d2343ef-b6fc-4435-ba43-906e81f6fc35"}
{"level":"INFO","time":"2026-04-14T21:23:11.165+0700","caller":"middlewares/logger.go:48","msg":"Request","status":200,"method":"GET","path":"/health","query":"","latency":0.000020958,"ip":"192.168.1.101","trace_id":"607bfeca-a26f-447c-bf60-1c748ac5a9c4"}
{"level":"INFO","time":"2026-04-14T21:23:11.831+0700","caller":"middlewares/logger.go:48","msg":"Request","status":200,"method":"GET","path":"/health","query":"","latency":0.000013791,"ip":"192.168.1.101","trace_id":"e4745401-977d-439a-ac2d-22135f366079"}
{"level":"INFO","time":"2026-04-14T21:23:20.109+0700","caller":"middlewares/logger.go:48","msg":"Request","status":200,"method":"GET","path":"/health","query":"","latency":0.000022459,"ip":"192.168.1.101","trace_id":"3fd1f9a3-ebb6-4b96-8be6-fe945b89f1a9"}
{"level":"INFO","time":"2026-04-14T21:23:20.982+0700","caller":"middlewares/logger.go:48","msg":"Request","status":200,"method":"GET","path":"/health","query":"","latency":0.000022375,"ip":"192.168.1.101","trace_id":"cc06cef6-aef9-4b31-b96c-a5cb4bf676ee"}
{"level":"INFO","time":"2026-04-15T18:45:29.832+0700","caller":"initialize/logger.go:12","msg":"Logger initialised successfully"}
{"level":"INFO","time":"2026-04-15T18:45:29.846+0700","caller":"initialize/postgres.go:50","msg":"PostgreSQL connected successfully","host":"localhost","port":5432,"db":"inventory_db"}
{"level":"INFO","time":"2026-04-15T18:45:29.849+0700","caller":"initialize/redis.go:38","msg":"Redis connected successfully","addr":"localhost:6379","db":0}
{"level":"INFO","time":"2026-04-15T18:45:29.850+0700","caller":"initialize/mqtt.go:40","msg":"MQTT broker connected","broker":"localhost:1883","client_id":"inventory-manage-dev"}
{"level":"INFO","time":"2026-04-15T18:45:29.850+0700","caller":"worker/telemetry_receiver.go:55","msg":"Starting telemetry receiver subscription","topic":"application/+/device/+/event/up"}
{"level":"INFO","time":"2026-04-15T18:45:29.850+0700","caller":"initialize/run.go:76","msg":"Telemetry pipeline workers started"}
{"level":"INFO","time":"2026-04-15T18:45:29.850+0700","caller":"initialize/run.go:70","msg":"Starting storage worker"}
{"level":"INFO","time":"2026-04-15T18:45:29.850+0700","caller":"initialize/run.go:37","msg":"Inventory Manage service started successfully","port":8080,"mode":"dev"}
{"level":"INFO","time":"2026-04-15T18:45:41.441+0700","caller":"middlewares/logger.go:48","msg":"Request","status":200,"method":"GET","path":"/api/v1/devices/SCALE-001","query":"","latency":0.017895333,"ip":"::1","trace_id":"e0291552-5125-45b0-8970-dff9198142c4"}
{"level":"WARN","time":"2026-04-15T18:45:41.466+0700","caller":"middlewares/logger.go:46","msg":"Client error","status":404,"method":"GET","path":"/favicon.ico","query":"","latency":0.000000167,"ip":"::1","trace_id":"99b62d11-080d-4fad-9c47-b0d06c8f52fd"}
{"level":"WARN","time":"2026-04-15T18:49:24.934+0700","caller":"middlewares/logger.go:46","msg":"Client error","status":404,"method":"GET","path":"/api/v1/calibrations/123123/active","query":"","latency":0.017054958,"ip":"::1","trace_id":"5f98e063-a083-4fdc-a032-69e0722c3e69"}
{"level":"WARN","time":"2026-04-15T18:49:28.727+0700","caller":"middlewares/logger.go:46","msg":"Client error","status":404,"method":"GET","path":"/api/v1/calibrations/123123/active","query":"","latency":0.002185958,"ip":"::1","trace_id":"28e48ca9-0c03-4ee1-9232-f36c8980228e"}
{"level":"WARN","time":"2026-04-15T18:49:29.264+0700","caller":"middlewares/logger.go:46","msg":"Client error","status":404,"method":"GET","path":"/api/v1/calibrations/123123/active","query":"","latency":0.004436125,"ip":"::1","trace_id":"33f92520-cb19-4214-af0c-33b8b3c8fe7b"}
{"level":"WARN","time":"2026-04-15T18:49:29.426+0700","caller":"middlewares/logger.go:46","msg":"Client error","status":404,"method":"GET","path":"/api/v1/calibrations/123123/active","query":"","latency":0.0013655,"ip":"::1","trace_id":"0f678769-2f7a-4c95-a899-575150caedb7"}
{"level":"WARN","time":"2026-04-15T18:49:29.616+0700","caller":"middlewares/logger.go:46","msg":"Client error","status":404,"method":"GET","path":"/api/v1/calibrations/123123/active","query":"","latency":0.003820708,"ip":"::1","trace_id":"98b94cb5-842c-4a41-9ac8-2554196a44a4"}
{"level":"WARN","time":"2026-04-15T18:49:30.123+0700","caller":"middlewares/logger.go:46","msg":"Client error","status":404,"method":"GET","path":"/api/v1/calibrations/123123/active","query":"","latency":0.004586084,"ip":"::1","trace_id":"74ae4b1a-e723-46a0-8b50-813eb3973193"}
{"level":"WARN","time":"2026-04-15T18:49:30.285+0700","caller":"middlewares/logger.go:46","msg":"Client error","status":404,"method":"GET","path":"/api/v1/calibrations/123123/active","query":"","latency":0.001376417,"ip":"::1","trace_id":"e43f68de-304f-4d10-9e42-a07360b48bd1"}
{"level":"WARN","time":"2026-04-15T18:49:30.708+0700","caller":"middlewares/logger.go:46","msg":"Client error","status":404,"method":"GET","path":"/api/v1/calibrations/123123/active","query":"","latency":0.001024166,"ip":"::1","trace_id":"10d37236-7d15-4c18-b73d-6a7a21459a7b"}
{"level":"WARN","time":"2026-04-15T18:49:30.879+0700","caller":"middlewares/logger.go:46","msg":"Client error","status":404,"method":"GET","path":"/api/v1/calibrations/123123/active","query":"","latency":0.001760042,"ip":"::1","trace_id":"7d99da63-431e-4411-a179-30eabd3ac029"}
{"level":"INFO","time":"2026-04-15T18:51:01.141+0700","caller":"middlewares/logger.go:48","msg":"Request","status":200,"method":"GET","path":"/health","query":"","latency":0.000038375,"ip":"192.168.1.107","trace_id":"1137c7d7-21d9-444c-ac8f-0b06638a0997"}
{"level":"WARN","time":"2026-04-15T18:51:01.165+0700","caller":"middlewares/logger.go:46","msg":"Client error","status":404,"method":"GET","path":"/favicon.ico","query":"","latency":0.000000167,"ip":"192.168.1.107","trace_id":"2757f19c-149f-4b1d-ac80-d28e53972627"}
{"level":"INFO","time":"2026-04-15T18:51:07.652+0700","caller":"middlewares/logger.go:48","msg":"Request","status":200,"method":"GET","path":"/health","query":"","latency":0.000029625,"ip":"192.168.1.107","trace_id":"4c070064-7998-426f-a0eb-549806d4567b"}
{"level":"INFO","time":"2026-04-15T18:51:08.445+0700","caller":"middlewares/logger.go:48","msg":"Request","status":200,"method":"GET","path":"/health","query":"","latency":0.000027583,"ip":"192.168.1.107","trace_id":"f65f1366-2d9e-4977-a83a-7d646d5e5d81"}
{"level":"INFO","time":"2026-04-15T18:51:08.586+0700","caller":"middlewares/logger.go:48","msg":"Request","status":200,"method":"GET","path":"/health","query":"","latency":0.000029666,"ip":"192.168.1.107","trace_id":"f707a1a9-14f8-42f8-9ae8-4edbf4094bef"}
{"level":"INFO","time":"2026-04-15T18:51:08.747+0700","caller":"middlewares/logger.go:48","msg":"Request","status":200,"method":"GET","path":"/health","query":"","latency":0.000029875,"ip":"192.168.1.107","trace_id":"9afa4d8f-c1f6-40d1-9dd5-59468ffdc41b"}
{"level":"INFO","time":"2026-04-15T18:51:08.920+0700","caller":"middlewares/logger.go:48","msg":"Request","status":200,"method":"GET","path":"/health","query":"","latency":0.000021917,"ip":"192.168.1.107","trace_id":"41d7749f-50a1-41ed-81ac-d77cc37fc7aa"}
{"level":"INFO","time":"2026-04-15T18:51:09.105+0700","caller":"middlewares/logger.go:48","msg":"Request","status":200,"method":"GET","path":"/health","query":"","latency":0.000026333,"ip":"192.168.1.107","trace_id":"57ef0c04-0901-4364-8205-cfaa531a9baf"}
{"level":"INFO","time":"2026-04-15T18:51:09.256+0700","caller":"middlewares/logger.go:48","msg":"Request","status":200,"method":"GET","path":"/health","query":"","latency":0.000027667,"ip":"192.168.1.107","trace_id":"7e09452f-1010-4318-9ea6-2ec262ba8457"}
{"level":"INFO","time":"2026-04-15T18:51:09.405+0700","caller":"middlewares/logger.go:48","msg":"Request","status":200,"method":"GET","path":"/health","query":"","latency":0.0000275,"ip":"192.168.1.107","trace_id":"e9f6c948-0e0c-447b-acb7-f70830ebf4c4"}
{"level":"INFO","time":"2026-04-15T18:51:09.557+0700","caller":"middlewares/logger.go:48","msg":"Request","status":200,"method":"GET","path":"/health","query":"","latency":0.0000285,"ip":"192.168.1.107","trace_id":"85c754c6-e940-4ba7-9094-6d94a716ff9d"}
{"level":"INFO","time":"2026-04-15T18:51:09.722+0700","caller":"middlewares/logger.go:48","msg":"Request","status":200,"method":"GET","path":"/health","query":"","latency":0.0000265,"ip":"192.168.1.107","trace_id":"c78be92c-3d9e-44ce-aa6f-af70e92a7811"}
{"level":"INFO","time":"2026-04-15T18:51:09.870+0700","caller":"middlewares/logger.go:48","msg":"Request","status":200,"method":"GET","path":"/health","query":"","latency":0.000033125,"ip":"192.168.1.107","trace_id":"b7acb861-1bc5-4bff-b632-aceebc48ef9f"}
{"level":"INFO","time":"2026-04-15T18:51:10.020+0700","caller":"middlewares/logger.go:48","msg":"Request","status":200,"method":"GET","path":"/health","query":"","latency":0.000032084,"ip":"192.168.1.107","trace_id":"30678756-aa11-403e-a9f3-de1eb6575776"}
{"level":"INFO","time":"2026-04-15T18:51:10.172+0700","caller":"middlewares/logger.go:48","msg":"Request","status":200,"method":"GET","path":"/health","query":"","latency":0.000028667,"ip":"192.168.1.107","trace_id":"58c9baa1-42aa-4d78-9e44-68ca39f46fe9"}
{"level":"INFO","time":"2026-04-15T18:51:10.328+0700","caller":"middlewares/logger.go:48","msg":"Request","status":200,"method":"GET","path":"/health","query":"","latency":0.000027583,"ip":"192.168.1.107","trace_id":"0da776d0-ce07-490e-bee5-74ec942b908d"}
{"level":"INFO","time":"2026-04-15T18:51:10.488+0700","caller":"middlewares/logger.go:48","msg":"Request","status":200,"method":"GET","path":"/health","query":"","latency":0.000048958,"ip":"192.168.1.107","trace_id":"9875b462-c412-4cf8-b3da-8bf326fa23d2"}
{"level":"INFO","time":"2026-04-15T18:51:10.682+0700","caller":"middlewares/logger.go:48","msg":"Request","status":200,"method":"GET","path":"/health","query":"","latency":0.000028208,"ip":"192.168.1.107","trace_id":"759183d0-977b-459d-a48c-e27b4629c111"}
{"level":"INFO","time":"2026-04-15T18:51:10.866+0700","caller":"middlewares/logger.go:48","msg":"Request","status":200,"method":"GET","path":"/health","query":"","latency":0.000026834,"ip":"192.168.1.107","trace_id":"91253a55-8478-4c15-872b-a82ba3570fd3"}
